Boring method
Start time:	1561530363.336192
==> Preparing data..
Files already downloaded and verified
Files already downloaded and verified
==> Building model..

Epoch: 0
Train 0 39.31
Test 0 45.52
Saving..

Epoch: 1
Train 1 58.79
Test 1 56.44
Saving..

Epoch: 2
Train 2 68.442
Test 2 66.53
Saving..

Epoch: 3
Train 3 74.514
Test 3 71.68
Saving..

Epoch: 4
Train 4 78.176
Test 4 70.71

Epoch: 5
Train 5 80.128
Test 5 76.57
Saving..

Epoch: 6
Train 6 81.41
Test 6 79.9
Saving..

Epoch: 7
Train 7 82.536
Test 7 78.31

Epoch: 8
Train 8 83.206
Test 8 79.93
Saving..

Epoch: 9
Train 9 83.854
Test 9 76.57

Epoch: 10
Train 10 84.292
Test 10 81.9
Saving..

Epoch: 11
Train 11 84.83
Test 11 72.59

Epoch: 12
Train 12 85.216
Test 12 79.67

Epoch: 13
Train 13 85.59
Test 13 80.97

Epoch: 14
Train 14 85.916
Test 14 67.34

Epoch: 15
Train 15 86.078
Test 15 81.45

Epoch: 16
Train 16 86.328
Test 16 82.25
Saving..

Epoch: 17
Train 17 86.57
Test 17 81.86

Epoch: 18
Train 18 86.688
Test 18 82.18

Epoch: 19
Train 19 86.862
Test 19 80.34

Epoch: 20
Train 20 87.186
Test 20 76.64

Epoch: 21
Train 21 87.116
Test 21 83.2
Saving..

Epoch: 22
Train 22 87.35
Test 22 83.35
Saving..

Epoch: 23
Train 23 87.52
Test 23 83.02

Epoch: 24
Train 24 87.666
Test 24 79.41

Epoch: 25
Train 25 87.646
Test 25 83.63
Saving..

Epoch: 26
Train 26 87.772
Test 26 83.89
Saving..

Epoch: 27
Train 27 87.648
Test 27 85.42
Saving..

Epoch: 28
Train 28 87.956
Test 28 83.4

Epoch: 29
Train 29 88.028
Test 29 81.08

Epoch: 30
Train 30 87.916
Test 30 83.35

Epoch: 31
Train 31 88.244
Test 31 83.22

Epoch: 32
Train 32 88.084
Test 32 84.08

Epoch: 33
Train 33 88.66
Test 33 82.42

Epoch: 34
Train 34 88.304
Test 34 82.81

Epoch: 35
Train 35 88.608
Test 35 83.74

Epoch: 36
Train 36 88.366
Test 36 83.13

Epoch: 37
Train 37 88.432
Test 37 79.69

Epoch: 38
Train 38 88.526
Test 38 82.85

Epoch: 39
Train 39 88.51
Test 39 83.85

Epoch: 40
Train 40 88.682
Test 40 79.03

Epoch: 41
Train 41 88.65
Test 41 85.68
Saving..

Epoch: 42
Train 42 88.804
Test 42 85.53

Epoch: 43
Train 43 88.748
Test 43 82.43

Epoch: 44
Train 44 88.902
Test 44 70.0

Epoch: 45
Train 45 88.792
Test 45 84.06

Epoch: 46
Train 46 88.84
Test 46 84.03

Epoch: 47
Train 47 88.902
Test 47 84.55

Epoch: 48
Train 48 88.962
Test 48 77.91

Epoch: 49
Train 49 88.824
Test 49 83.96

Epoch: 50
Train 50 88.814
Test 50 82.66

Epoch: 51
Train 51 88.934
Test 51 85.49

Epoch: 52
Train 52 89.146
Test 52 82.71

Epoch: 53
Train 53 88.884
Test 53 84.12

Epoch: 54
Train 54 89.05
Test 54 84.17

Epoch: 55
Train 55 88.878
Test 55 83.89

Epoch: 56
Train 56 89.148
Test 56 81.49

Epoch: 57
Train 57 89.316
Test 57 84.91

Epoch: 58
Train 58 88.998
Test 58 85.91
Saving..

Epoch: 59
Train 59 89.216
Test 59 82.44

Epoch: 60
Train 60 89.086
Test 60 81.64

Epoch: 61
Train 61 89.128
Test 61 79.54

Epoch: 62
Train 62 89.112
Test 62 82.51

Epoch: 63
Train 63 89.25
Test 63 84.11

Epoch: 64
Train 64 89.28
Test 64 84.94

Epoch: 65
Train 65 89.28
Test 65 85.07

Epoch: 66
Train 66 89.134
Test 66 85.49

Epoch: 67
Train 67 89.058
Test 67 83.42

Epoch: 68
Train 68 89.378
Test 68 86.48
Saving..

Epoch: 69
Train 69 89.412
Test 69 80.82

Epoch: 70
Train 70 89.316
Test 70 83.69

Epoch: 71
Train 71 89.13
Test 71 86.31

Epoch: 72
Train 72 89.204
Test 72 81.21

Epoch: 73
Train 73 89.36
Test 73 86.16

Epoch: 74
Train 74 89.358
Test 74 85.2

Epoch: 75
Train 75 89.294
Test 75 82.62

Epoch: 76
Train 76 89.434
Test 76 83.36

Epoch: 77
Train 77 89.3
Test 77 86.57
Saving..

Epoch: 78
Train 78 89.538
Test 78 84.15

Epoch: 79
Train 79 89.276
Test 79 83.53

Epoch: 80
Train 80 89.39
Test 80 85.71

Epoch: 81
Train 81 89.46
Test 81 84.06

Epoch: 82
Train 82 89.38
Test 82 83.59

Epoch: 83
Train 83 89.408
Test 83 81.08

Epoch: 84
Train 84 89.576
Test 84 81.47

Epoch: 85
Train 85 89.276
Test 85 82.2

Epoch: 86
Train 86 89.63
Test 86 83.19

Epoch: 87
Train 87 89.448
Test 87 85.67

Epoch: 88
Train 88 89.356
Test 88 85.27

Epoch: 89
Train 89 89.67
Test 89 83.83

Epoch: 90
Train 90 94.692
Test 90 93.07
Saving..

Epoch: 91
Train 91 96.274
Test 91 93.57
Saving..

Epoch: 92
Train 92 96.762
Test 92 93.74
Saving..

Epoch: 93
Train 93 97.18
Test 93 93.67

Epoch: 94
Train 94 97.49
Test 94 93.8
Saving..

Epoch: 95
Train 95 97.816
Test 95 94.02
Saving..

Epoch: 96
Train 96 98.066
Test 96 93.74

Epoch: 97
Train 97 98.358
Test 97 93.92

Epoch: 98
Train 98 98.46
Test 98 93.9

Epoch: 99
Train 99 98.488
Test 99 94.18
Saving..

Epoch: 100
Train 100 98.66
Test 100 93.6

Epoch: 101
Train 101 98.658
Test 101 93.89

Epoch: 102
Train 102 98.854
Test 102 93.61

Epoch: 103
Train 103 98.896
Test 103 93.39

Epoch: 104
Train 104 98.838
Test 104 93.12

Epoch: 105
Train 105 98.922
Test 105 93.67

Epoch: 106
Train 106 98.986
Test 106 93.43

Epoch: 107
Train 107 98.874
Test 107 93.52

Epoch: 108
Train 108 98.968
Test 108 93.64

Epoch: 109
Train 109 99.016
Test 109 94.26
Saving..

Epoch: 110
Train 110 98.918
Test 110 93.56

Epoch: 111
Train 111 98.946
Test 111 93.25

Epoch: 112
Train 112 98.864
Test 112 93.59

Epoch: 113
Train 113 98.912
Test 113 93.22

Epoch: 114
Train 114 98.906
Test 114 93.11

Epoch: 115
Train 115 98.894
Test 115 93.49

Epoch: 116
Train 116 98.922
Test 116 92.73

Epoch: 117
Train 117 98.7
Test 117 93.37

Epoch: 118
Train 118 98.838
Test 118 92.28

Epoch: 119
Train 119 98.606
Test 119 93.32

Epoch: 120
Train 120 98.7
Test 120 93.58

Epoch: 121
Train 121 98.772
Test 121 93.25

Epoch: 122
Train 122 98.518
Test 122 93.03

Epoch: 123
Train 123 98.656
Test 123 93.25

Epoch: 124
Train 124 98.736
Test 124 92.75

Epoch: 125
Train 125 98.72
Test 125 93.27

Epoch: 126
Train 126 98.626
Test 126 91.62

Epoch: 127
Train 127 98.48
Test 127 93.41

Epoch: 128
Train 128 98.56
Test 128 92.37

Epoch: 129
Train 129 98.444
Test 129 93.27

Epoch: 130
Train 130 98.58
Test 130 92.42

Epoch: 131
Train 131 98.512
Test 131 92.62

Epoch: 132
Train 132 99.312
Test 132 94.53
Saving..

Epoch: 133
Train 133 99.69
Test 133 94.63
Saving..

Epoch: 134
Train 134 99.782
Test 134 94.67
Saving..

Epoch: 135
Train 135 99.806
Test 135 94.67

Epoch: 136
Train 136 99.836
Test 136 94.65

Epoch: 137
Train 137 99.866
Test 137 94.9
Saving..

Epoch: 138
Train 138 99.858
Test 138 94.8

Epoch: 139
Train 139 99.912
Test 139 94.87

Epoch: 140
Train 140 99.898
Test 140 94.92
Saving..

Epoch: 141
Train 141 99.908
Test 141 94.99
Saving..

Epoch: 142
Train 142 99.938
Test 142 94.92

Epoch: 143
Train 143 99.946
Test 143 94.98

Epoch: 144
Train 144 99.956
Test 144 94.91

Epoch: 145
Train 145 99.952
Test 145 95.02
Saving..

Epoch: 146
Train 146 99.946
Test 146 95.05
Saving..

Epoch: 147
Train 147 99.936
Test 147 94.99

Epoch: 148
Train 148 99.962
Test 148 95.01

Epoch: 149
Train 149 99.95
Test 149 95.02

Epoch: 150
Train 150 99.956
Test 150 95.09
Saving..

Epoch: 151
Train 151 99.954
Test 151 95.04

Epoch: 152
Train 152 99.954
Test 152 94.98

Epoch: 153
Train 153 99.952
Test 153 95.01

Epoch: 154
Train 154 99.968
Test 154 94.95

Epoch: 155
Train 155 99.964
Test 155 94.92

Epoch: 156
Train 156 99.97
Test 156 95.02

Epoch: 157
Train 157 99.966
Test 157 94.96

Epoch: 158
Train 158 99.94
Test 158 95.02

Epoch: 159
Train 159 99.984
Test 159 95.06

Epoch: 160
Train 160 99.968
Test 160 95.0

Epoch: 161
Train 161 99.97
Test 161 95.07

Epoch: 162
Train 162 99.96
Test 162 95.0

Epoch: 163
Train 163 99.974
Test 163 95.04

Epoch: 164
Train 164 99.948
Test 164 95.07

Epoch: 165
Train 165 99.952
Test 165 95.0

Epoch: 166
Train 166 99.988
Test 166 94.98

Epoch: 167
Train 167 99.986
Test 167 94.98

Epoch: 168
Train 168 99.968
Test 168 95.03

Epoch: 169
Train 169 99.97
Test 169 95.03

Epoch: 170
Train 170 99.986
Test 170 95.04

Epoch: 171
Train 171 99.972
Test 171 94.92

Epoch: 172
Train 172 99.978
Test 172 95.11
Saving..

Epoch: 173
Train 173 99.982
Test 173 95.02

Epoch: 174
Train 174 99.986
Test 174 95.03

Epoch: 175
Train 175 99.984
Test 175 95.15
Saving..

Epoch: 176
Train 176 99.978
Test 176 95.19
Saving..

Epoch: 177
Train 177 99.978
Test 177 95.13

Epoch: 178
Train 178 99.988
Test 178 95.1

Epoch: 179
Train 179 99.988
Test 179 95.13
End time:	1561534811.9348552
Total time:	4448.598663330078
