Fast method
Start time:	1561524003.6872756
==> Preparing data..
Files already downloaded and verified
Files already downloaded and verified
==> Building model..

Epoch: 0
Train 0 39.616
Test 0 50.48
Saving..

Epoch: 1
Train 1 44.339560148383676
Test 1 55.83
Saving..

Epoch: 2
Train 2 65.672
Test 2 64.2
Saving..

Epoch: 3
Train 3 45.2342111395945
Test 3 64.8
Saving..

Epoch: 4
Train 4 74.548
Test 4 75.07
Saving..

Epoch: 5
Train 5 44.805909162344804
Test 5 71.02

Epoch: 6
Train 6 79.232
Test 6 77.85
Saving..

Epoch: 7
Train 7 46.119029275808934
Test 7 70.86

Epoch: 8
Train 8 81.224
Test 8 80.0
Saving..

Epoch: 9
Train 9 48.94546229228803
Test 9 73.05

Epoch: 10
Train 10 82.596
Test 10 78.72

Epoch: 11
Train 11 49.3219949436911
Test 11 77.04

Epoch: 12
Train 12 83.544
Test 12 81.22
Saving..

Epoch: 13
Train 13 50.46183762761303
Test 13 79.33

Epoch: 14
Train 14 84.65
Test 14 79.42

Epoch: 15
Train 15 51.6742671009772
Test 15 74.82

Epoch: 16
Train 16 85.278
Test 16 82.2
Saving..

Epoch: 17
Train 17 53.3215595707105
Test 17 71.12

Epoch: 18
Train 18 85.544
Test 18 82.35
Saving..

Epoch: 19
Train 19 54.593248478140566
Test 19 69.42

Epoch: 20
Train 20 86.42
Test 20 82.03

Epoch: 21
Train 21 54.58026509572901
Test 21 73.71

Epoch: 22
Train 22 86.45
Test 22 81.38

Epoch: 23
Train 23 56.678966789667896
Test 23 77.45

Epoch: 24
Train 24 87.048
Test 24 77.42

Epoch: 25
Train 25 55.697961704756025
Test 25 74.57

Epoch: 26
Train 26 87.134
Test 26 80.03

Epoch: 27
Train 27 57.11176744909063
Test 27 75.89

Epoch: 28
Train 28 87.536
Test 28 82.35

Epoch: 29
Train 29 56.64313222079589
Test 29 82.47
Saving..

Epoch: 30
Train 30 87.618
Test 30 78.14

Epoch: 31
Train 31 58.94039735099338
Test 31 73.96

Epoch: 32
Train 32 87.538
Test 32 75.65

Epoch: 33
Train 33 57.85588188091799
Test 33 81.26

Epoch: 34
Train 34 88.118
Test 34 84.93
Saving..

Epoch: 35
Train 35 58.47500420804578
Test 35 76.74

Epoch: 36
Train 36 87.896
Test 36 81.59

Epoch: 37
Train 37 59.5340383344349
Test 37 80.48

Epoch: 38
Train 38 88.558
Test 38 82.49

Epoch: 39
Train 39 58.94074462506555
Test 39 76.52

Epoch: 40
Train 40 88.224
Test 40 80.46

Epoch: 41
Train 41 58.797554347826086
Test 41 77.54

Epoch: 42
Train 42 88.67
Test 42 82.92

Epoch: 43
Train 43 61.41218005295675
Test 43 71.24

Epoch: 44
Train 44 88.768
Test 44 83.28

Epoch: 45
Train 45 60.68376068376068
Test 45 77.32

Epoch: 46
Train 46 88.656
Test 46 86.44
Saving..

Epoch: 47
Train 47 59.94358251057828
Test 47 80.98

Epoch: 48
Train 48 88.578
Test 48 80.81

Epoch: 49
Train 49 60.51479600770443
Test 49 68.29

Epoch: 50
Train 50 88.96
Test 50 81.62

Epoch: 51
Train 51 60.63405797101449
Test 51 80.4

Epoch: 52
Train 52 88.616
Test 52 84.33

Epoch: 53
Train 53 60.78706957132818
Test 53 78.89

Epoch: 54
Train 54 88.93
Test 54 85.07

Epoch: 55
Train 55 62.710027100271006
Test 55 75.19

Epoch: 56
Train 56 88.94
Test 56 81.51

Epoch: 57
Train 57 61.500904159132006
Test 57 78.25

Epoch: 58
Train 58 89.31
Test 58 84.82

Epoch: 59
Train 59 63.554724041159965
Test 59 80.35

Epoch: 60
Train 60 89.41
Test 60 79.47

Epoch: 61
Train 61 63.418319169027384
Test 61 69.64

Epoch: 62
Train 62 89.156
Test 62 84.01

Epoch: 63
Train 63 64.53338251567688
Test 63 73.39

Epoch: 64
Train 64 89.314
Test 64 83.14

Epoch: 65
Train 65 61.85663484933558
Test 65 75.57

Epoch: 66
Train 66 89.15
Test 66 77.06

Epoch: 67
Train 67 62.32258064516129
Test 67 75.69

Epoch: 68
Train 68 89.096
Test 68 83.6

Epoch: 69
Train 69 63.151137197358764
Test 69 80.01

Epoch: 70
Train 70 94.632
Test 70 92.72
Saving..

Epoch: 71
Train 71 65.98360655737704
Test 71 89.43

Epoch: 72
Train 72 96.302
Test 72 93.23
Saving..

Epoch: 73
Train 73 67.60411032990805
Test 73 91.06

Epoch: 74
Train 74 97.158
Test 74 93.24
Saving..

Epoch: 75
Train 75 73.3286418015482
Test 75 91.91

Epoch: 76
Train 76 97.386
Test 76 93.39
Saving..

Epoch: 77
Train 77 78.4238714613619
Test 77 92.71

Epoch: 78
Train 78 97.79
Test 78 93.59
Saving..

Epoch: 79
Train 79 81.08597285067873
Test 79 92.86

Epoch: 80
Train 80 98.114
Test 80 93.73
Saving..

Epoch: 81
Train 81 85.47189819724284
Test 81 92.85

Epoch: 82
Train 82 98.232
Test 82 93.31

Epoch: 83
Train 83 88.68778280542986
Test 83 93.02

Epoch: 84
Train 84 98.412
Test 84 93.43

Epoch: 85
Train 85 88.79093198992443
Test 85 93.05

Epoch: 86
Train 86 98.58
Test 86 93.54

Epoch: 87
Train 87 91.26760563380282
Test 87 93.29

Epoch: 88
Train 88 98.81
Test 88 93.44

Epoch: 89
Train 89 92.43697478991596
Test 89 93.44

Epoch: 90
Train 90 98.88
Test 90 93.71

Epoch: 91
Train 91 92.67857142857143
Test 91 93.76
Saving..

Epoch: 92
Train 92 98.872
Test 92 93.73

Epoch: 93
Train 93 94.68085106382979
Test 93 93.41

Epoch: 94
Train 94 98.872
Test 94 93.55

Epoch: 95
Train 95 93.26241134751773
Test 95 93.6

Epoch: 96
Train 96 99.104
Test 96 93.4

Epoch: 97
Train 97 93.75
Test 97 93.36

Epoch: 98
Train 98 99.124
Test 98 93.48

Epoch: 99
Train 99 95.662100456621
Test 99 93.65

Epoch: 100
Train 100 98.952
Test 100 93.54

Epoch: 101
Train 101 95.41984732824427
Test 101 93.2

Epoch: 102
Train 102 99.386
Test 102 93.93
Saving..

Epoch: 103
Train 103 91.53094462540717
Test 103 93.9

Epoch: 104
Train 104 99.596
Test 104 94.09
Saving..

Epoch: 105
Train 105 94.05940594059406
Test 105 94.03

Epoch: 106
Train 106 99.68
Test 106 94.03

Epoch: 107
Train 107 95.625
Test 107 94.04

Epoch: 108
Train 108 99.716
Test 108 94.19
Saving..

Epoch: 109
Train 109 94.36619718309859
Test 109 94.18

Epoch: 110
Train 110 99.786
Test 110 94.25
Saving..

Epoch: 111
Train 111 98.13084112149532
Test 111 94.28
Saving..

Epoch: 112
Train 112 99.796
Test 112 94.24

Epoch: 113
Train 113 98.03921568627452
Test 113 94.24

Epoch: 114
Train 114 99.782
Test 114 94.27

Epoch: 115
Train 115 98.1651376146789
Test 115 94.18

Epoch: 116
Train 116 99.786
Test 116 94.25

Epoch: 117
Train 117 98.13084112149532
Test 117 94.27

Epoch: 118
Train 118 99.806
Test 118 94.35
Saving..

Epoch: 119
Train 119 96.90721649484536
Test 119 94.22

Epoch: 120
Train 120 99.84
Test 120 94.27

Epoch: 121
Train 121 97.5
Test 121 94.25

Epoch: 122
Train 122 99.836
Test 122 94.34

Epoch: 123
Train 123 100.0
Test 123 94.34

Epoch: 124
Train 124 99.846
Test 124 94.31

Epoch: 125
Train 125 100.0
Test 125 94.29

Epoch: 126
Train 126 99.852
Test 126 94.26

Epoch: 127
Train 127 95.94594594594595
Test 127 94.22

Epoch: 128
Train 128 99.846
Test 128 94.21

Epoch: 129
Train 129 98.7012987012987
Test 129 94.26

Epoch: 130
Train 130 99.866
Test 130 94.25

Epoch: 131
Train 131 97.01492537313433
Test 131 94.28

Epoch: 132
Train 132 99.892
Test 132 94.19

Epoch: 133
Train 133 96.29629629629629
Test 133 94.18

Epoch: 134
Train 134 99.854
Test 134 94.17

Epoch: 135
Train 135 98.63013698630137
Test 135 94.24

Epoch: 136
Train 136 99.858
Test 136 94.34

Epoch: 137
Train 137 97.1830985915493
Test 137 94.28

Epoch: 138
Train 138 99.868
Test 138 94.33

Epoch: 139
Train 139 98.48484848484848
Test 139 94.29
End time:	1561525974.5013616
Total time:	1970.8140859603882
