Fast method
Start time:	1561530002.7125108
==> Preparing data..
Files already downloaded and verified
Files already downloaded and verified
==> Building model..

Epoch: 0
Train 0 38.456
Test 0 49.43
Saving..

Epoch: 1
Train 1 45.508904198622126
Test 1 56.47
Saving..

Epoch: 2
Train 2 65.536
Test 2 64.56
Saving..

Epoch: 3
Train 3 45.519962859795726
Test 3 59.27

Epoch: 4
Train 4 75.278
Test 4 75.99
Saving..

Epoch: 5
Train 5 44.64040126203382
Test 5 64.4

Epoch: 6
Train 6 79.282
Test 6 74.64

Epoch: 7
Train 7 46.62612221256878
Test 7 68.16

Epoch: 8
Train 8 81.094
Test 8 73.63

Epoch: 9
Train 9 48.9156881413308
Test 9 74.3

Epoch: 10
Train 10 82.688
Test 10 78.17
Saving..

Epoch: 11
Train 11 49.30683918669131
Test 11 79.33
Saving..

Epoch: 12
Train 12 83.414
Test 12 80.53
Saving..

Epoch: 13
Train 13 51.4047992282648
Test 13 75.17

Epoch: 14
Train 14 84.42
Test 14 77.52

Epoch: 15
Train 15 51.34788189987163
Test 15 73.97

Epoch: 16
Train 16 85.184
Test 16 68.87

Epoch: 17
Train 17 53.22624190064795
Test 17 72.24

Epoch: 18
Train 18 85.612
Test 18 81.66
Saving..

Epoch: 19
Train 19 54.60105643591882
Test 19 73.03

Epoch: 20
Train 20 85.992
Test 20 75.48

Epoch: 21
Train 21 54.740148486579095
Test 21 76.72

Epoch: 22
Train 22 86.478
Test 22 77.69

Epoch: 23
Train 23 55.49474929744121
Test 23 75.66

Epoch: 24
Train 24 86.872
Test 24 75.83

Epoch: 25
Train 25 55.42352224253504
Test 25 62.38

Epoch: 26
Train 26 86.878
Test 26 83.12
Saving..

Epoch: 27
Train 27 57.018747142203935
Test 27 71.58

Epoch: 28
Train 28 87.4
Test 28 83.34
Saving..

Epoch: 29
Train 29 56.93650793650794
Test 29 73.15

Epoch: 30
Train 30 87.486
Test 30 84.28
Saving..

Epoch: 31
Train 31 58.86207447658622
Test 31 74.36

Epoch: 32
Train 32 87.848
Test 32 80.86

Epoch: 33
Train 33 58.64055299539171
Test 33 81.11

Epoch: 34
Train 34 87.96
Test 34 83.46

Epoch: 35
Train 35 58.57142857142857
Test 35 73.55

Epoch: 36
Train 36 87.408
Test 36 70.18

Epoch: 37
Train 37 59.92693773824651
Test 37 74.87

Epoch: 38
Train 38 88.104
Test 38 83.21

Epoch: 39
Train 39 58.154001344989915
Test 39 82.7

Epoch: 40
Train 40 88.406
Test 40 83.94

Epoch: 41
Train 41 59.56529239261687
Test 41 80.66

Epoch: 42
Train 42 88.584
Test 42 82.48

Epoch: 43
Train 43 60.6166783461808
Test 43 80.95

Epoch: 44
Train 44 88.614
Test 44 79.23

Epoch: 45
Train 45 59.862989636395575
Test 45 75.12

Epoch: 46
Train 46 88.58
Test 46 72.35

Epoch: 47
Train 47 62.13660245183888
Test 47 76.62

Epoch: 48
Train 48 88.648
Test 48 84.08

Epoch: 49
Train 49 61.8569415081043
Test 49 82.48

Epoch: 50
Train 50 88.982
Test 50 80.65

Epoch: 51
Train 51 60.37393356326012
Test 51 66.47

Epoch: 52
Train 52 88.7
Test 52 82.93

Epoch: 53
Train 53 61.39823008849557
Test 53 77.95

Epoch: 54
Train 54 88.688
Test 54 83.72

Epoch: 55
Train 55 63.91442715700141
Test 55 72.41

Epoch: 56
Train 56 89.156
Test 56 84.28

Epoch: 57
Train 57 60.88159350793065
Test 57 78.1

Epoch: 58
Train 58 89.212
Test 58 82.16

Epoch: 59
Train 59 62.10604375231739
Test 59 75.87

Epoch: 60
Train 60 89.008
Test 60 83.18

Epoch: 61
Train 61 62.48180494905386
Test 61 81.23

Epoch: 62
Train 62 89.168
Test 62 82.69

Epoch: 63
Train 63 63.62629246676514
Test 63 66.9

Epoch: 64
Train 64 89.472
Test 64 84.14

Epoch: 65
Train 65 64.43768996960486
Test 65 83.44

Epoch: 66
Train 66 89.064
Test 66 84.61
Saving..

Epoch: 67
Train 67 63.14923189465984
Test 67 76.21

Epoch: 68
Train 68 89.372
Test 68 81.79

Epoch: 69
Train 69 60.218291305984195
Test 69 81.0

Epoch: 70
Train 70 89.638
Test 70 84.37

Epoch: 71
Train 71 62.285273113298594
Test 71 74.19

Epoch: 72
Train 72 89.474
Test 72 86.74
Saving..

Epoch: 73
Train 73 63.86091582747483
Test 73 70.15

Epoch: 74
Train 74 89.052
Test 74 84.61

Epoch: 75
Train 75 65.14431859700402
Test 75 79.71

Epoch: 76
Train 76 89.506
Test 76 86.37

Epoch: 77
Train 77 64.01753382885458
Test 77 81.02

Epoch: 78
Train 78 89.648
Test 78 82.51

Epoch: 79
Train 79 64.18083462132921
Test 79 76.49

Epoch: 80
Train 80 89.594
Test 80 80.13

Epoch: 81
Train 81 63.05977320776475
Test 81 81.13

Epoch: 82
Train 82 89.708
Test 82 84.0

Epoch: 83
Train 83 62.53400699572484
Test 83 74.11

Epoch: 84
Train 84 94.708
Test 84 92.64
Saving..

Epoch: 85
Train 85 67.61148904006046
Test 85 90.24

Epoch: 86
Train 86 96.638
Test 86 92.96
Saving..

Epoch: 87
Train 87 70.2558001189768
Test 87 91.34

Epoch: 88
Train 88 97.192
Test 88 93.05
Saving..

Epoch: 89
Train 89 76.21082621082621
Test 89 91.99

Epoch: 90
Train 90 97.73
Test 90 93.18
Saving..

Epoch: 91
Train 91 77.44493392070484
Test 91 92.09

Epoch: 92
Train 92 98.078
Test 92 93.36
Saving..

Epoch: 93
Train 93 83.14255983350677
Test 93 92.53

Epoch: 94
Train 94 98.3
Test 94 93.15

Epoch: 95
Train 95 88.58823529411765
Test 95 92.83

Epoch: 96
Train 96 98.554
Test 96 93.46
Saving..

Epoch: 97
Train 97 87.41355463347165
Test 97 93.4

Epoch: 98
Train 98 98.744
Test 98 93.82
Saving..

Epoch: 99
Train 99 88.21656050955414
Test 99 93.43

Epoch: 100
Train 100 98.762
Test 100 93.56

Epoch: 101
Train 101 91.76090468497577
Test 101 93.55

Epoch: 102
Train 102 98.876
Test 102 93.45

Epoch: 103
Train 103 93.59430604982207
Test 103 93.44

Epoch: 104
Train 104 99.088
Test 104 93.07

Epoch: 105
Train 105 93.64035087719299
Test 105 93.19

Epoch: 106
Train 106 98.914
Test 106 93.36

Epoch: 107
Train 107 91.89686924493554
Test 107 93.15

Epoch: 108
Train 108 99.004
Test 108 93.52

Epoch: 109
Train 109 96.18473895582329
Test 109 93.45

Epoch: 110
Train 110 99.076
Test 110 93.51

Epoch: 111
Train 111 95.23809523809524
Test 111 93.43

Epoch: 112
Train 112 99.184
Test 112 93.59

Epoch: 113
Train 113 95.09803921568627
Test 113 93.47

Epoch: 114
Train 114 99.058
Test 114 93.32

Epoch: 115
Train 115 94.90445859872611
Test 115 93.11

Epoch: 116
Train 116 99.042
Test 116 93.22

Epoch: 117
Train 117 95.4070981210856
Test 117 93.25

Epoch: 118
Train 118 99.082
Test 118 93.29

Epoch: 119
Train 119 96.73202614379085
Test 119 93.31

Epoch: 120
Train 120 99.118
Test 120 93.47

Epoch: 121
Train 121 97.50566893424036
Test 121 93.32

Epoch: 122
Train 122 99.06
Test 122 92.59

Epoch: 123
Train 123 94.46808510638297
Test 123 92.96

Epoch: 124
Train 124 99.136
Test 124 93.24

Epoch: 125
Train 125 96.75925925925925
Test 125 93.35

Epoch: 126
Train 126 99.516
Test 126 94.01
Saving..

Epoch: 127
Train 127 92.56198347107438
Test 127 93.94

Epoch: 128
Train 128 99.706
Test 128 94.14
Saving..

Epoch: 129
Train 129 96.59863945578232
Test 129 94.14

Epoch: 130
Train 130 99.74
Test 130 94.28
Saving..

Epoch: 131
Train 131 93.84615384615384
Test 131 94.01

Epoch: 132
Train 132 99.736
Test 132 94.22

Epoch: 133
Train 133 96.21212121212122
Test 133 94.16

Epoch: 134
Train 134 99.746
Test 134 94.15

Epoch: 135
Train 135 97.63779527559055
Test 135 94.2

Epoch: 136
Train 136 99.81
Test 136 94.32
Saving..

Epoch: 137
Train 137 95.78947368421052
Test 137 94.27

Epoch: 138
Train 138 99.822
Test 138 94.34
Saving..

Epoch: 139
Train 139 98.87640449438203
Test 139 94.29

Epoch: 140
Train 140 99.842
Test 140 94.23

Epoch: 141
Train 141 96.20253164556962
Test 141 94.27

Epoch: 142
Train 142 99.842
Test 142 94.2

Epoch: 143
Train 143 94.9367088607595
Test 143 94.32

Epoch: 144
Train 144 99.894
Test 144 94.14

Epoch: 145
Train 145 92.45283018867924
Test 145 94.19

Epoch: 146
Train 146 99.896
Test 146 94.34

Epoch: 147
Train 147 98.07692307692308
Test 147 94.33

Epoch: 148
Train 148 99.886
Test 148 94.33

Epoch: 149
Train 149 100.0
Test 149 94.34

Epoch: 150
Train 150 99.884
Test 150 94.17

Epoch: 151
Train 151 100.0
Test 151 94.28

Epoch: 152
Train 152 99.89
Test 152 94.35
Saving..

Epoch: 153
Train 153 98.18181818181819
Test 153 94.33

Epoch: 154
Train 154 99.884
Test 154 94.26

Epoch: 155
Train 155 96.55172413793103
Test 155 94.26

Epoch: 156
Train 156 99.904
Test 156 94.23

Epoch: 157
Train 157 100.0
Test 157 94.21

Epoch: 158
Train 158 99.942
Test 158 94.33

Epoch: 159
Train 159 89.65517241379311
Test 159 94.37
Saving..

Epoch: 160
Train 160 99.924
Test 160 94.25

Epoch: 161
Train 161 100.0
Test 161 94.29

Epoch: 162
Train 162 99.914
Test 162 94.32

Epoch: 163
Train 163 93.02325581395348
Test 163 94.31

Epoch: 164
Train 164 99.922
Test 164 94.33

Epoch: 165
Train 165 100.0
Test 165 94.31

Epoch: 166
Train 166 99.92
Test 166 94.26

Epoch: 167
Train 167 100.0
Test 167 94.23

Epoch: 168
Train 168 99.948
Test 168 94.33

Epoch: 169
Train 169 92.3076923076923
Test 169 94.37
End time:	1561532392.2819276
Total time:	2389.5694167613983
