Boring method
Start time:	1561572937.1839297
==> Preparing data..
Files already downloaded and verified
Files already downloaded and verified
==> Building model..

Epoch: 0
Train 0 45.408
Test 0 55.04
Saving..
Time: 0 57.37883734703064

Epoch: 1
Train 1 63.852
Test 1 62.83
Saving..
Time: 1 109.09823989868164

Epoch: 2
Train 2 71.746
Test 2 62.84
Saving..
Time: 2 160.509348154068

Epoch: 3
Train 3 76.77
Test 3 74.63
Saving..
Time: 3 212.99904417991638

Epoch: 4
Train 4 79.388
Test 4 78.02
Saving..
Time: 4 264.98121666908264

Epoch: 5
Train 5 81.61
Test 5 77.11
Time: 5 316.30092334747314

Epoch: 6
Train 6 82.936
Test 6 81.42
Saving..
Time: 6 367.6639356613159

Epoch: 7
Train 7 84.348
Test 7 81.92
Saving..
Time: 7 419.97261476516724

Epoch: 8
Train 8 85.092
Test 8 79.54
Time: 8 471.69128012657166

Epoch: 9
Train 9 85.88
Test 9 81.86
Time: 9 522.6439352035522

Epoch: 10
Train 10 86.434
Test 10 83.98
Saving..
Time: 10 574.0028176307678

Epoch: 11
Train 11 87.096
Test 11 82.61
Time: 11 625.2892673015594

Epoch: 12
Train 12 87.54
Test 12 83.83
Time: 12 677.291353225708

Epoch: 13
Train 13 87.88
Test 13 83.82
Time: 13 729.6161825656891

Epoch: 14
Train 14 88.25
Test 14 85.97
Saving..
Time: 14 781.2803394794464

Epoch: 15
Train 15 88.492
Test 15 84.73
Time: 15 832.5684578418732

Epoch: 16
Train 16 88.936
Test 16 85.88
Time: 16 883.8946166038513

Epoch: 17
Train 17 88.964
Test 17 85.85
Time: 17 935.2802135944366

Epoch: 18
Train 18 89.5
Test 18 86.4
Saving..
Time: 18 986.9512436389923

Epoch: 19
Train 19 89.376
Test 19 85.83
Time: 19 1039.2033977508545

Epoch: 20
Train 20 89.648
Test 20 85.22
Time: 20 1090.7040095329285

Epoch: 21
Train 21 90.088
Test 21 85.93
Time: 21 1142.3776297569275

Epoch: 22
Train 22 90.01
Test 22 85.36
Time: 22 1193.9646408557892

Epoch: 23
Train 23 90.146
Test 23 87.58
Saving..
Time: 23 1245.188883781433

Epoch: 24
Train 24 90.394
Test 24 84.46
Time: 24 1296.3127381801605

Epoch: 25
Train 25 90.564
Test 25 87.57
Time: 25 1348.3902597427368

Epoch: 26
Train 26 90.472
Test 26 87.38
Time: 26 1400.3668954372406

Epoch: 27
Train 27 90.834
Test 27 86.57
Time: 27 1451.6221005916595

Epoch: 28
Train 28 91.028
Test 28 87.95
Saving..
Time: 28 1503.2358667850494

Epoch: 29
Train 29 91.142
Test 29 85.88
Time: 29 1554.2739646434784

Epoch: 30
Train 30 91.056
Test 30 86.12
Time: 30 1606.0012798309326

Epoch: 31
Train 31 91.272
Test 31 86.93
Time: 31 1657.6833651065826

Epoch: 32
Train 32 91.112
Test 32 87.24
Time: 32 1709.5277743339539

Epoch: 33
Train 33 91.21
Test 33 87.36
Time: 33 1761.5991234779358

Epoch: 34
Train 34 91.362
Test 34 86.72
Time: 34 1812.8089866638184

Epoch: 35
Train 35 91.116
Test 35 87.15
Time: 35 1864.065171957016

Epoch: 36
Train 36 91.384
Test 36 85.72
Time: 36 1915.709485054016

Epoch: 37
Train 37 91.626
Test 37 87.78
Time: 37 1967.334852695465

Epoch: 38
Train 38 91.494
Test 38 87.96
Saving..
Time: 38 2018.7524485588074

Epoch: 39
Train 39 91.764
Test 39 87.42
Time: 39 2070.3504617214203

Epoch: 40
Train 40 91.766
Test 40 86.19
Time: 40 2122.4993340969086

Epoch: 41
Train 41 91.824
Test 41 86.38
Time: 41 2173.7073175907135

Epoch: 42
Train 42 91.936
Test 42 86.86
Time: 42 2225.2960126399994

Epoch: 43
Train 43 91.908
Test 43 88.54
Saving..
Time: 43 2276.90736246109

Epoch: 44
Train 44 91.92
Test 44 88.76
Saving..
Time: 44 2328.0994412899017

Epoch: 45
Train 45 92.008
Test 45 88.21
Time: 45 2379.2608630657196

Epoch: 46
Train 46 92.05
Test 46 88.53
Time: 46 2431.0666546821594

Epoch: 47
Train 47 92.152
Test 47 89.58
Saving..
Time: 47 2483.3746902942657

Epoch: 48
Train 48 92.108
Test 48 87.76
Time: 48 2535.130803346634

Epoch: 49
Train 49 92.326
Test 49 88.24
Time: 49 2586.37620306015

Epoch: 50
Train 50 91.984
Test 50 88.49
Time: 50 2637.6731493473053

Epoch: 51
Train 51 92.02
Test 51 88.04
Time: 51 2688.7712032794952

Epoch: 52
Train 52 92.362
Test 52 88.96
Time: 52 2740.462659597397

Epoch: 53
Train 53 92.412
Test 53 89.31
Time: 53 2791.7193055152893

Epoch: 54
Train 54 92.22
Test 54 88.59
Time: 54 2843.7417435646057

Epoch: 55
Train 55 92.38
Test 55 87.16
Time: 55 2895.3424656391144

Epoch: 56
Train 56 92.378
Test 56 88.56
Time: 56 2946.554626941681

Epoch: 57
Train 57 92.516
Test 57 88.88
Time: 57 2998.278012037277

Epoch: 58
Train 58 92.466
Test 58 89.37
Time: 58 3049.3457798957825

Epoch: 59
Train 59 92.436
Test 59 88.33
Time: 59 3093.508085012436

Epoch: 60
Train 60 92.264
Test 60 88.92
Time: 60 3118.887907266617

Epoch: 61
Train 61 92.316
Test 61 87.6
Time: 61 3144.006098508835

Epoch: 62
Train 62 92.536
Test 62 88.41
Time: 62 3169.325040102005

Epoch: 63
Train 63 92.544
Test 63 88.81
Time: 63 3194.362545967102

Epoch: 64
Train 64 92.616
Test 64 88.29
Time: 64 3219.735739707947

Epoch: 65
Train 65 92.626
Test 65 88.5
Time: 65 3244.7361421585083

Epoch: 66
Train 66 92.574
Test 66 88.56
Time: 66 3269.874253511429

Epoch: 67
Train 67 92.604
Test 67 89.79
Saving..
Time: 67 3295.3459298610687

Epoch: 68
Train 68 92.742
Test 68 88.06
Time: 68 3320.733867406845

Epoch: 69
Train 69 92.632
Test 69 87.33
Time: 69 3345.669141292572

Epoch: 70
Train 70 92.952
Test 70 87.92
Time: 70 3371.0073902606964

Epoch: 71
Train 71 92.846
Test 71 88.37
Time: 71 3396.27112698555

Epoch: 72
Train 72 92.738
Test 72 87.73
Time: 72 3421.2775518894196

Epoch: 73
Train 73 92.744
Test 73 87.68
Time: 73 3446.3793909549713

Epoch: 74
Train 74 92.782
Test 74 89.44
Time: 74 3471.7838785648346

Epoch: 75
Train 75 92.722
Test 75 89.6
Time: 75 3497.1036553382874

Epoch: 76
Train 76 92.742
Test 76 89.53
Time: 76 3522.479318857193

Epoch: 77
Train 77 92.906
Test 77 88.94
Time: 77 3547.8800003528595

Epoch: 78
Train 78 92.688
Test 78 88.14
Time: 78 3573.2446191310883

Epoch: 79
Train 79 92.864
Test 79 86.13
Time: 79 3598.6326534748077

Epoch: 80
Train 80 93.008
Test 80 87.65
Time: 80 3623.60400891304

Epoch: 81
Train 81 92.91
Test 81 88.89
Time: 81 3648.9714636802673

Epoch: 82
Train 82 93.016
Test 82 89.03
Time: 82 3674.338955640793

Epoch: 83
Train 83 92.78
Test 83 88.82
Time: 83 3699.6635448932648

Epoch: 84
Train 84 93.092
Test 84 88.49
Time: 84 3724.967218875885

Epoch: 85
Train 85 93.114
Test 85 88.65
Time: 85 3749.955258369446

Epoch: 86
Train 86 92.772
Test 86 89.49
Time: 86 3775.294024705887

Epoch: 87
Train 87 92.934
Test 87 88.3
Time: 87 3800.733111858368

Epoch: 88
Train 88 93.046
Test 88 88.96
Time: 88 3826.092766046524

Epoch: 89
Train 89 93.006
Test 89 89.52
Time: 89 3851.4971544742584

Epoch: 90
Train 90 93.122
Test 90 88.18
Time: 90 3876.8624925613403

Epoch: 91
Train 91 93.09
Test 91 88.67
Time: 91 3902.1954786777496

Epoch: 92
Train 92 93.03
Test 92 88.14
Time: 92 3927.551686525345

Epoch: 93
Train 93 93.056
Test 93 88.94
Time: 93 3952.567782640457

Epoch: 94
Train 94 92.944
Test 94 89.05
Time: 94 3977.7564918994904

Epoch: 95
Train 95 93.118
Test 95 89.43
Time: 95 4003.1268804073334

Epoch: 96
Train 96 93.122
Test 96 89.2
Time: 96 4028.153660774231

Epoch: 97
Train 97 93.008
Test 97 88.96
Time: 97 4053.149190425873

Epoch: 98
Train 98 93.102
Test 98 88.12
Time: 98 4078.525310277939

Epoch: 99
Train 99 93.038
Test 99 88.71
Time: 99 4103.632285833359
End time:	1561577040.8162801
Total time:	4103.632350444794
