Boring method
Start time:	1561563575.9647
==> Preparing data..
Files already downloaded and verified
Files already downloaded and verified
==> Building model..

Epoch: 0
Train 0 39.778
Test 0 48.59
Saving..
Time: 0 56.87072134017944

Epoch: 1
Train 1 60.818
Test 1 63.43
Saving..
Time: 0 107.51709961891174

Epoch: 2
Train 2 69.88
Test 2 67.12
Saving..
Time: 2 158.41488075256348

Epoch: 3
Train 3 75.32
Test 3 72.28
Saving..
Time: 2 209.06526279449463

Epoch: 4
Train 4 78.13
Test 4 75.49
Saving..
Time: 4 259.0839419364929

Epoch: 5
Train 5 80.37
Test 5 72.01
Time: 4 309.05196380615234

Epoch: 6
Train 6 81.452
Test 6 75.92
Saving..
Time: 6 359.76668548583984

Epoch: 7
Train 7 82.608
Test 7 75.07
Time: 6 410.90742444992065

Epoch: 8
Train 8 83.44
Test 8 81.87
Saving..
Time: 8 461.31994438171387

Epoch: 9
Train 9 83.884
Test 9 80.0
Time: 8 511.26957082748413

Epoch: 10
Train 10 84.352
Test 10 74.61
Time: 10 561.3151867389679

Epoch: 11
Train 11 84.986
Test 11 79.09
Time: 10 611.8010542392731

Epoch: 12
Train 12 85.316
Test 12 81.76
Time: 12 662.6130287647247

Epoch: 13
Train 13 85.63
Test 13 79.33
Time: 12 712.8228077888489

Epoch: 14
Train 14 85.834
Test 14 79.2
Time: 14 762.7960770130157

Epoch: 15
Train 15 86.154
Test 15 82.98
Saving..
Time: 14 812.6464185714722

Epoch: 16
Train 16 86.418
Test 16 78.63
Time: 16 862.9867119789124

Epoch: 17
Train 17 86.808
Test 17 83.41
Saving..
Time: 16 914.225368976593

Epoch: 18
Train 18 86.596
Test 18 82.26
Time: 18 964.7394342422485

Epoch: 19
Train 19 87.138
Test 19 82.71
Time: 18 1014.7185416221619

Epoch: 20
Train 20 87.338
Test 20 82.53
Time: 20 1064.827270269394

Epoch: 21
Train 21 87.17
Test 21 83.14
Time: 20 1114.9292690753937

Epoch: 22
Train 22 87.506
Test 22 82.23
Time: 22 1165.9418833255768

Epoch: 23
Train 23 87.392
Test 23 79.99
Time: 22 1216.3877894878387

Epoch: 24
Train 24 87.646
Test 24 81.31
Time: 24 1266.4775912761688

Epoch: 25
Train 25 87.854
Test 25 82.53
Time: 24 1316.6812722682953

Epoch: 26
Train 26 87.964
Test 26 82.57
Time: 26 1367.0529143810272

Epoch: 27
Train 27 88.132
Test 27 81.49
Time: 26 1417.1855552196503

Epoch: 28
Train 28 87.932
Test 28 79.1
Time: 28 1468.2223193645477

Epoch: 29
Train 29 88.058
Test 29 79.94
Time: 28 1518.6810927391052

Epoch: 30
Train 30 88.18
Test 30 79.53
Time: 30 1568.7421419620514

Epoch: 31
Train 31 88.102
Test 31 85.16
Saving..
Time: 30 1618.9788610935211

Epoch: 32
Train 32 88.266
Test 32 81.28
Time: 32 1668.9642326831818

Epoch: 33
Train 33 88.176
Test 33 84.55
Time: 32 1719.5127408504486

Epoch: 34
Train 34 88.274
Test 34 79.44
Time: 34 1769.7269060611725

Epoch: 35
Train 35 88.4
Test 35 84.3
Time: 34 1820.9378349781036

Epoch: 36
Train 36 88.18
Test 36 74.05
Time: 36 1871.4571056365967

Epoch: 37
Train 37 88.64
Test 37 74.94
Time: 36 1921.241498708725

Epoch: 38
Train 38 88.684
Test 38 84.65
Time: 38 1971.0310764312744

Epoch: 39
Train 39 88.724
Test 39 83.91
Time: 38 2021.0681102275848

Epoch: 40
Train 40 88.784
Test 40 83.07
Time: 40 2071.4808893203735

Epoch: 41
Train 41 88.648
Test 41 80.32
Time: 40 2121.527339220047

Epoch: 42
Train 42 88.924
Test 42 85.3
Saving..
Time: 42 2171.70307970047

Epoch: 43
Train 43 88.782
Test 43 85.22
Time: 42 2222.0256266593933

Epoch: 44
Train 44 88.484
Test 44 83.63
Time: 44 2272.5690762996674

Epoch: 45
Train 45 88.87
Test 45 79.11
Time: 44 2323.602485895157

Epoch: 46
Train 46 88.752
Test 46 86.24
Saving..
Time: 46 2374.373406648636

Epoch: 47
Train 47 89.066
Test 47 82.99
Time: 46 2424.51003575325

Epoch: 48
Train 48 88.872
Test 48 85.19
Time: 48 2474.373019695282

Epoch: 49
Train 49 89.184
Test 49 82.73
Time: 48 2524.7395775318146

Epoch: 50
Train 50 94.206
Test 50 93.05
Saving..
Time: 50 2574.576745033264

Epoch: 51
Train 51 95.682
Test 51 93.21
Saving..
Time: 50 2624.7070553302765

Epoch: 52
Train 52 96.126
Test 52 93.44
Saving..
Time: 52 2675.2847163677216

Epoch: 53
Train 53 96.81
Test 53 93.49
Saving..
Time: 52 2725.346061706543

Epoch: 54
Train 54 97.056
Test 54 93.64
Saving..
Time: 54 2775.15447306633

Epoch: 55
Train 55 97.41
Test 55 93.46
Time: 54 2825.704436302185

Epoch: 56
Train 56 97.906
Test 56 93.47
Time: 56 2876.7188243865967

Epoch: 57
Train 57 97.876
Test 57 93.45
Time: 56 2927.004028081894

Epoch: 58
Train 58 98.108
Test 58 93.74
Saving..
Time: 58 2977.2456135749817

Epoch: 59
Train 59 98.244
Test 59 93.34
Time: 58 3009.74591255188

Epoch: 60
Train 60 98.388
Test 60 93.42
Time: 60 3034.336503505707

Epoch: 61
Train 61 98.444
Test 61 93.38
Time: 60 3058.989287376404

Epoch: 62
Train 62 98.542
Test 62 93.53
Time: 62 3083.6375679969788

Epoch: 63
Train 63 98.626
Test 63 93.33
Time: 62 3108.2168188095093

Epoch: 64
Train 64 98.672
Test 64 93.26
Time: 64 3132.6169621944427

Epoch: 65
Train 65 98.744
Test 65 93.37
Time: 64 3157.203411102295

Epoch: 66
Train 66 98.75
Test 66 93.1
Time: 66 3181.908119916916

Epoch: 67
Train 67 98.734
Test 67 93.47
Time: 66 3206.3000149726868

Epoch: 68
Train 68 98.894
Test 68 93.34
Time: 68 3230.915858268738

Epoch: 69
Train 69 98.898
Test 69 93.2
Time: 68 3255.2371785640717

Epoch: 70
Train 70 98.684
Test 70 92.56
Time: 70 3279.8645153045654

Epoch: 71
Train 71 98.612
Test 71 93.07
Time: 70 3304.283714056015

Epoch: 72
Train 72 98.782
Test 72 93.13
Time: 72 3328.6612272262573

Epoch: 73
Train 73 98.774
Test 73 92.95
Time: 72 3353.4453916549683

Epoch: 74
Train 74 98.638
Test 74 93.09
Time: 74 3377.7349874973297

Epoch: 75
Train 75 98.634
Test 75 93.58
Time: 74 3402.3471410274506

Epoch: 76
Train 76 99.304
Test 76 94.15
Saving..
Time: 76 3426.979372739792

Epoch: 77
Train 77 99.616
Test 77 94.21
Saving..
Time: 76 3451.5903062820435

Epoch: 78
Train 78 99.69
Test 78 94.2
Time: 78 3475.932463645935

Epoch: 79
Train 79 99.756
Test 79 94.43
Saving..
Time: 78 3500.3153533935547

Epoch: 80
Train 80 99.806
Test 80 94.46
Saving..
Time: 80 3524.8377475738525

Epoch: 81
Train 81 99.824
Test 81 94.35
Time: 80 3549.426197052002

Epoch: 82
Train 82 99.836
Test 82 94.34
Time: 82 3574.1672344207764

Epoch: 83
Train 83 99.844
Test 83 94.31
Time: 82 3598.8002593517303

Epoch: 84
Train 84 99.806
Test 84 94.54
Saving..
Time: 84 3622.940616130829

Epoch: 85
Train 85 99.866
Test 85 94.4
Time: 84 3647.335481405258

Epoch: 86
Train 86 99.872
Test 86 94.41
Time: 86 3671.8500645160675

Epoch: 87
Train 87 99.892
Test 87 94.49
Time: 86 3696.2449250221252

Epoch: 88
Train 88 99.856
Test 88 94.39
Time: 88 3721.051845550537

Epoch: 89
Train 89 99.872
Test 89 94.53
Time: 88 3745.8069655895233

Epoch: 90
Train 90 99.908
Test 90 94.49
Time: 90 3770.4434854984283

Epoch: 91
Train 91 99.922
Test 91 94.38
Time: 90 3794.985601425171

Epoch: 92
Train 92 99.912
Test 92 94.48
Time: 92 3819.5079357624054

Epoch: 93
Train 93 99.896
Test 93 94.51
Time: 92 3844.161150455475

Epoch: 94
Train 94 99.95
Test 94 94.44
Time: 94 3868.6987478733063

Epoch: 95
Train 95 99.924
Test 95 94.54
Time: 94 3893.2400517463684

Epoch: 96
Train 96 99.934
Test 96 94.45
Time: 96 3917.616998910904

Epoch: 97
Train 97 99.932
Test 97 94.54
Time: 96 3942.187844276428

Epoch: 98
Train 98 99.936
Test 98 94.47
Time: 98 3967.025742292404

Epoch: 99
Train 99 99.94
Test 99 94.56
Saving..
Time: 98 3991.2671172618866
End time:	1561567567.2318377
Total time:	3991.2671377658844
