Boring method
Start time:	1561519323.743578
==> Preparing data..
Files already downloaded and verified
Files already downloaded and verified
==> Building model..

Epoch: 0
Train 0 39.816
Test 0 50.5
Saving..

Epoch: 1
Train 1 59.978
Test 1 61.18
Saving..

Epoch: 2
Train 2 69.124
Test 2 71.3
Saving..

Epoch: 3
Train 3 74.69
Test 3 76.62
Saving..

Epoch: 4
Train 4 78.076
Test 4 75.59

Epoch: 5
Train 5 79.86
Test 5 62.13

Epoch: 6
Train 6 81.432
Test 6 75.62

Epoch: 7
Train 7 82.26
Test 7 76.9
Saving..

Epoch: 8
Train 8 82.974
Test 8 78.35
Saving..

Epoch: 9
Train 9 83.588
Test 9 79.95
Saving..

Epoch: 10
Train 10 83.982
Test 10 79.78

Epoch: 11
Train 11 84.496
Test 11 75.06

Epoch: 12
Train 12 84.836
Test 12 81.56
Saving..

Epoch: 13
Train 13 85.494
Test 13 79.54

Epoch: 14
Train 14 85.886
Test 14 76.97

Epoch: 15
Train 15 85.918
Test 15 81.26

Epoch: 16
Train 16 86.288
Test 16 82.65
Saving..

Epoch: 17
Train 17 86.456
Test 17 81.19

Epoch: 18
Train 18 86.936
Test 18 79.71

Epoch: 19
Train 19 86.578
Test 19 84.22
Saving..

Epoch: 20
Train 20 86.908
Test 20 82.16

Epoch: 21
Train 21 87.108
Test 21 76.56

Epoch: 22
Train 22 87.156
Test 22 84.41
Saving..

Epoch: 23
Train 23 87.388
Test 23 83.38

Epoch: 24
Train 24 87.308
Test 24 85.15
Saving..

Epoch: 25
Train 25 87.602
Test 25 85.12

Epoch: 26
Train 26 87.784
Test 26 85.22
Saving..

Epoch: 27
Train 27 87.75
Test 27 84.33

Epoch: 28
Train 28 87.876
Test 28 81.33

Epoch: 29
Train 29 88.094
Test 29 85.82
Saving..

Epoch: 30
Train 30 88.02
Test 30 82.79

Epoch: 31
Train 31 88.172
Test 31 84.7

Epoch: 32
Train 32 88.374
Test 32 83.25

Epoch: 33
Train 33 88.07
Test 33 84.64

Epoch: 34
Train 34 88.406
Test 34 81.46

Epoch: 35
Train 35 88.164
Test 35 83.73

Epoch: 36
Train 36 88.382
Test 36 84.14

Epoch: 37
Train 37 88.274
Test 37 83.61

Epoch: 38
Train 38 88.226
Test 38 82.26

Epoch: 39
Train 39 88.628
Test 39 83.93

Epoch: 40
Train 40 88.526
Test 40 84.23

Epoch: 41
Train 41 88.568
Test 41 86.08
Saving..

Epoch: 42
Train 42 88.612
Test 42 84.99

Epoch: 43
Train 43 88.616
Test 43 85.06

Epoch: 44
Train 44 88.682
Test 44 79.02

Epoch: 45
Train 45 88.62
Test 45 82.13

Epoch: 46
Train 46 88.602
Test 46 82.9

Epoch: 47
Train 47 88.874
Test 47 82.44

Epoch: 48
Train 48 89.044
Test 48 85.24

Epoch: 49
Train 49 88.692
Test 49 80.91

Epoch: 50
Train 50 88.954
Test 50 85.72

Epoch: 51
Train 51 88.828
Test 51 82.97

Epoch: 52
Train 52 88.956
Test 52 86.44
Saving..

Epoch: 53
Train 53 88.768
Test 53 83.9

Epoch: 54
Train 54 88.8
Test 54 84.31

Epoch: 55
Train 55 88.944
Test 55 82.42

Epoch: 56
Train 56 89.274
Test 56 84.28

Epoch: 57
Train 57 89.01
Test 57 86.85
Saving..

Epoch: 58
Train 58 89.042
Test 58 84.72

Epoch: 59
Train 59 89.03
Test 59 82.13

Epoch: 60
Train 60 94.094
Test 60 92.98
Saving..

Epoch: 61
Train 61 95.83
Test 61 93.08
Saving..

Epoch: 62
Train 62 96.632
Test 62 93.57
Saving..

Epoch: 63
Train 63 97.086
Test 63 93.45

Epoch: 64
Train 64 97.38
Test 64 93.44

Epoch: 65
Train 65 97.648
Test 65 93.69
Saving..

Epoch: 66
Train 66 97.878
Test 66 93.67

Epoch: 67
Train 67 98.006
Test 67 93.57

Epoch: 68
Train 68 98.174
Test 68 93.86
Saving..

Epoch: 69
Train 69 98.528
Test 69 93.82

Epoch: 70
Train 70 98.514
Test 70 93.51

Epoch: 71
Train 71 98.578
Test 71 93.5

Epoch: 72
Train 72 98.688
Test 72 93.72

Epoch: 73
Train 73 98.84
Test 73 93.62

Epoch: 74
Train 74 98.752
Test 74 93.83

Epoch: 75
Train 75 98.806
Test 75 93.7

Epoch: 76
Train 76 98.974
Test 76 93.59

Epoch: 77
Train 77 98.918
Test 77 93.85

Epoch: 78
Train 78 98.924
Test 78 93.6

Epoch: 79
Train 79 98.862
Test 79 93.17

Epoch: 80
Train 80 98.818
Test 80 93.33

Epoch: 81
Train 81 98.856
Test 81 93.61

Epoch: 82
Train 82 98.878
Test 82 93.51

Epoch: 83
Train 83 98.878
Test 83 93.69

Epoch: 84
Train 84 98.926
Test 84 92.83

Epoch: 85
Train 85 98.874
Test 85 93.23

Epoch: 86
Train 86 98.796
Test 86 93.53

Epoch: 87
Train 87 98.676
Test 87 92.98

Epoch: 88
Train 88 98.644
Test 88 93.25

Epoch: 89
Train 89 98.678
Test 89 93.44

Epoch: 90
Train 90 99.384
Test 90 94.22
Saving..

Epoch: 91
Train 91 99.6
Test 91 94.4
Saving..

Epoch: 92
Train 92 99.76
Test 92 94.56
Saving..

Epoch: 93
Train 93 99.764
Test 93 94.61
Saving..

Epoch: 94
Train 94 99.814
Test 94 94.58

Epoch: 95
Train 95 99.852
Test 95 94.63
Saving..

Epoch: 96
Train 96 99.884
Test 96 94.76
Saving..

Epoch: 97
Train 97 99.858
Test 97 94.7

Epoch: 98
Train 98 99.878
Test 98 94.64

Epoch: 99
Train 99 99.878
Test 99 94.65

Epoch: 100
Train 100 99.902
Test 100 94.72

Epoch: 101
Train 101 99.92
Test 101 94.58

Epoch: 102
Train 102 99.88
Test 102 94.57

Epoch: 103
Train 103 99.922
Test 103 94.7

Epoch: 104
Train 104 99.904
Test 104 94.69

Epoch: 105
Train 105 99.906
Test 105 94.72

Epoch: 106
Train 106 99.928
Test 106 94.9
Saving..

Epoch: 107
Train 107 99.946
Test 107 94.77

Epoch: 108
Train 108 99.93
Test 108 94.81

Epoch: 109
Train 109 99.926
Test 109 94.71

Epoch: 110
Train 110 99.942
Test 110 94.73

Epoch: 111
Train 111 99.938
Test 111 94.8

Epoch: 112
Train 112 99.938
Test 112 94.78

Epoch: 113
Train 113 99.942
Test 113 94.76

Epoch: 114
Train 114 99.948
Test 114 94.81

Epoch: 115
Train 115 99.956
Test 115 94.65

Epoch: 116
Train 116 99.948
Test 116 94.84

Epoch: 117
Train 117 99.958
Test 117 94.65

Epoch: 118
Train 118 99.968
Test 118 94.67

Epoch: 119
Train 119 99.968
Test 119 94.75
End time:	1561522290.7786875
Total time:	2967.0351095199585
