Boring method
Start time:	1561526043.2712805
==> Preparing data..
Files already downloaded and verified
Files already downloaded and verified
==> Building model..

Epoch: 0
Train 0 41.534
Test 0 52.21
Saving..

Epoch: 1
Train 1 61.114
Test 1 61.07
Saving..

Epoch: 2
Train 2 69.934
Test 2 71.8
Saving..

Epoch: 3
Train 3 75.584
Test 3 71.4

Epoch: 4
Train 4 78.574
Test 4 73.78
Saving..

Epoch: 5
Train 5 80.306
Test 5 77.37
Saving..

Epoch: 6
Train 6 81.296
Test 6 75.76

Epoch: 7
Train 7 82.312
Test 7 73.53

Epoch: 8
Train 8 83.232
Test 8 82.46
Saving..

Epoch: 9
Train 9 83.818
Test 9 77.62

Epoch: 10
Train 10 84.35
Test 10 79.23

Epoch: 11
Train 11 84.938
Test 11 77.75

Epoch: 12
Train 12 85.17
Test 12 80.15

Epoch: 13
Train 13 85.516
Test 13 80.65

Epoch: 14
Train 14 86.044
Test 14 78.93

Epoch: 15
Train 15 86.022
Test 15 81.13

Epoch: 16
Train 16 86.43
Test 16 80.33

Epoch: 17
Train 17 86.56
Test 17 79.9

Epoch: 18
Train 18 86.708
Test 18 82.35

Epoch: 19
Train 19 87.02
Test 19 83.69
Saving..

Epoch: 20
Train 20 86.936
Test 20 81.86

Epoch: 21
Train 21 87.314
Test 21 83.25

Epoch: 22
Train 22 87.42
Test 22 81.34

Epoch: 23
Train 23 87.526
Test 23 84.19
Saving..

Epoch: 24
Train 24 87.47
Test 24 81.28

Epoch: 25
Train 25 87.542
Test 25 84.54
Saving..

Epoch: 26
Train 26 87.996
Test 26 82.37

Epoch: 27
Train 27 87.888
Test 27 84.81
Saving..

Epoch: 28
Train 28 87.96
Test 28 83.56

Epoch: 29
Train 29 88.168
Test 29 82.64

Epoch: 30
Train 30 87.988
Test 30 84.8

Epoch: 31
Train 31 88.264
Test 31 81.6

Epoch: 32
Train 32 88.15
Test 32 84.23

Epoch: 33
Train 33 88.254
Test 33 85.87
Saving..

Epoch: 34
Train 34 88.46
Test 34 84.22

Epoch: 35
Train 35 88.392
Test 35 81.72

Epoch: 36
Train 36 88.684
Test 36 82.79

Epoch: 37
Train 37 88.596
Test 37 83.52

Epoch: 38
Train 38 88.716
Test 38 77.92

Epoch: 39
Train 39 88.846
Test 39 84.12

Epoch: 40
Train 40 88.414
Test 40 83.33

Epoch: 41
Train 41 88.612
Test 41 82.38

Epoch: 42
Train 42 88.69
Test 42 85.07

Epoch: 43
Train 43 88.758
Test 43 85.83

Epoch: 44
Train 44 88.692
Test 44 83.73

Epoch: 45
Train 45 88.924
Test 45 83.91

Epoch: 46
Train 46 88.914
Test 46 80.16

Epoch: 47
Train 47 88.924
Test 47 83.81

Epoch: 48
Train 48 88.766
Test 48 84.77

Epoch: 49
Train 49 88.894
Test 49 79.35

Epoch: 50
Train 50 88.846
Test 50 82.97

Epoch: 51
Train 51 89.064
Test 51 81.73

Epoch: 52
Train 52 88.972
Test 52 82.19

Epoch: 53
Train 53 88.994
Test 53 84.75

Epoch: 54
Train 54 88.986
Test 54 84.76

Epoch: 55
Train 55 89.098
Test 55 83.63

Epoch: 56
Train 56 89.054
Test 56 83.94

Epoch: 57
Train 57 89.004
Test 57 86.79
Saving..

Epoch: 58
Train 58 89.014
Test 58 79.8

Epoch: 59
Train 59 88.964
Test 59 86.21

Epoch: 60
Train 60 89.174
Test 60 82.44

Epoch: 61
Train 61 88.924
Test 61 85.57

Epoch: 62
Train 62 89.308
Test 62 84.03

Epoch: 63
Train 63 89.288
Test 63 84.94

Epoch: 64
Train 64 89.322
Test 64 81.77

Epoch: 65
Train 65 89.2
Test 65 84.51

Epoch: 66
Train 66 89.27
Test 66 86.9
Saving..

Epoch: 67
Train 67 89.486
Test 67 84.95

Epoch: 68
Train 68 89.42
Test 68 83.39

Epoch: 69
Train 69 88.94
Test 69 82.15

Epoch: 70
Train 70 89.122
Test 70 85.3

Epoch: 71
Train 71 89.254
Test 71 86.36

Epoch: 72
Train 72 89.284
Test 72 85.23

Epoch: 73
Train 73 89.338
Test 73 84.81

Epoch: 74
Train 74 89.238
Test 74 83.69

Epoch: 75
Train 75 89.272
Test 75 85.28

Epoch: 76
Train 76 89.23
Test 76 83.51

Epoch: 77
Train 77 89.29
Test 77 86.14

Epoch: 78
Train 78 89.434
Test 78 86.07

Epoch: 79
Train 79 89.382
Test 79 84.93

Epoch: 80
Train 80 94.772
Test 80 93.51
Saving..

Epoch: 81
Train 81 96.026
Test 81 93.51

Epoch: 82
Train 82 96.674
Test 82 93.74
Saving..

Epoch: 83
Train 83 97.166
Test 83 93.85
Saving..

Epoch: 84
Train 84 97.526
Test 84 93.77

Epoch: 85
Train 85 97.802
Test 85 93.95
Saving..

Epoch: 86
Train 86 98.14
Test 86 93.81

Epoch: 87
Train 87 98.386
Test 87 94.26
Saving..

Epoch: 88
Train 88 98.31
Test 88 94.0

Epoch: 89
Train 89 98.534
Test 89 93.85

Epoch: 90
Train 90 98.744
Test 90 93.86

Epoch: 91
Train 91 98.69
Test 91 93.91

Epoch: 92
Train 92 98.822
Test 92 94.02

Epoch: 93
Train 93 98.938
Test 93 94.35
Saving..

Epoch: 94
Train 94 99.002
Test 94 94.04

Epoch: 95
Train 95 98.916
Test 95 93.75

Epoch: 96
Train 96 98.888
Test 96 93.51

Epoch: 97
Train 97 99.022
Test 97 93.81

Epoch: 98
Train 98 98.966
Test 98 93.42

Epoch: 99
Train 99 98.936
Test 99 93.89

Epoch: 100
Train 100 98.998
Test 100 93.89

Epoch: 101
Train 101 98.898
Test 101 93.72

Epoch: 102
Train 102 98.97
Test 102 94.02

Epoch: 103
Train 103 98.866
Test 103 93.52

Epoch: 104
Train 104 98.75
Test 104 93.26

Epoch: 105
Train 105 98.742
Test 105 93.26

Epoch: 106
Train 106 98.714
Test 106 93.12

Epoch: 107
Train 107 98.762
Test 107 93.27

Epoch: 108
Train 108 98.716
Test 108 93.36

Epoch: 109
Train 109 98.798
Test 109 92.76

Epoch: 110
Train 110 98.652
Test 110 93.24

Epoch: 111
Train 111 98.728
Test 111 93.16

Epoch: 112
Train 112 98.674
Test 112 92.87

Epoch: 113
Train 113 98.66
Test 113 93.16

Epoch: 114
Train 114 98.528
Test 114 92.66

Epoch: 115
Train 115 98.518
Test 115 93.37

Epoch: 116
Train 116 98.628
Test 116 92.89

Epoch: 117
Train 117 98.708
Test 117 93.05

Epoch: 118
Train 118 98.436
Test 118 93.04

Epoch: 119
Train 119 98.528
Test 119 92.46

Epoch: 120
Train 120 99.308
Test 120 94.43
Saving..

Epoch: 121
Train 121 99.698
Test 121 94.63
Saving..

Epoch: 122
Train 122 99.764
Test 122 94.6

Epoch: 123
Train 123 99.806
Test 123 94.68
Saving..

Epoch: 124
Train 124 99.838
Test 124 94.86
Saving..

Epoch: 125
Train 125 99.86
Test 125 94.86

Epoch: 126
Train 126 99.866
Test 126 94.83

Epoch: 127
Train 127 99.888
Test 127 94.95
Saving..

Epoch: 128
Train 128 99.906
Test 128 94.99
Saving..

Epoch: 129
Train 129 99.898
Test 129 94.86

Epoch: 130
Train 130 99.932
Test 130 94.99

Epoch: 131
Train 131 99.922
Test 131 94.95

Epoch: 132
Train 132 99.904
Test 132 94.88

Epoch: 133
Train 133 99.932
Test 133 94.97

Epoch: 134
Train 134 99.948
Test 134 95.07
Saving..

Epoch: 135
Train 135 99.936
Test 135 95.11
Saving..

Epoch: 136
Train 136 99.954
Test 136 95.07

Epoch: 137
Train 137 99.95
Test 137 94.95

Epoch: 138
Train 138 99.956
Test 138 94.96

Epoch: 139
Train 139 99.964
Test 139 95.0

Epoch: 140
Train 140 99.96
Test 140 95.02

Epoch: 141
Train 141 99.96
Test 141 95.01

Epoch: 142
Train 142 99.972
Test 142 95.12
Saving..

Epoch: 143
Train 143 99.964
Test 143 95.09

Epoch: 144
Train 144 99.954
Test 144 95.14
Saving..

Epoch: 145
Train 145 99.96
Test 145 95.02

Epoch: 146
Train 146 99.974
Test 146 95.03

Epoch: 147
Train 147 99.964
Test 147 95.0

Epoch: 148
Train 148 99.952
Test 148 95.12

Epoch: 149
Train 149 99.974
Test 149 95.02

Epoch: 150
Train 150 99.97
Test 150 95.08

Epoch: 151
Train 151 99.984
Test 151 95.22
Saving..

Epoch: 152
Train 152 99.976
Test 152 95.11

Epoch: 153
Train 153 99.96
Test 153 95.22

Epoch: 154
Train 154 99.968
Test 154 95.07

Epoch: 155
Train 155 99.976
Test 155 94.98

Epoch: 156
Train 156 99.976
Test 156 95.02

Epoch: 157
Train 157 99.974
Test 157 95.01

Epoch: 158
Train 158 99.98
Test 158 95.09

Epoch: 159
Train 159 99.984
Test 159 95.12
End time:	1561529901.6375945
Total time:	3858.366313934326
