Boring method
Start time:	1561528203.4450016
==> Preparing data..
Files already downloaded and verified
Files already downloaded and verified
==> Building model..

Epoch: 0
Train 0 39.974
Test 0 46.9
Saving..

Epoch: 1
Train 1 58.728
Test 1 59.21
Saving..

Epoch: 2
Train 2 68.682
Test 2 66.05
Saving..

Epoch: 3
Train 3 74.164
Test 3 74.55
Saving..

Epoch: 4
Train 4 77.908
Test 4 66.12

Epoch: 5
Train 5 79.688
Test 5 78.77
Saving..

Epoch: 6
Train 6 80.986
Test 6 79.48
Saving..

Epoch: 7
Train 7 82.034
Test 7 72.25

Epoch: 8
Train 8 83.16
Test 8 76.25

Epoch: 9
Train 9 83.55
Test 9 78.99

Epoch: 10
Train 10 84.136
Test 10 79.52
Saving..

Epoch: 11
Train 11 84.972
Test 11 74.92

Epoch: 12
Train 12 85.186
Test 12 82.77
Saving..

Epoch: 13
Train 13 85.516
Test 13 76.98

Epoch: 14
Train 14 85.92
Test 14 79.8

Epoch: 15
Train 15 86.238
Test 15 79.45

Epoch: 16
Train 16 86.398
Test 16 80.45

Epoch: 17
Train 17 86.478
Test 17 83.75
Saving..

Epoch: 18
Train 18 86.982
Test 18 83.59

Epoch: 19
Train 19 86.838
Test 19 81.47

Epoch: 20
Train 20 87.068
Test 20 82.66

Epoch: 21
Train 21 87.398
Test 21 82.26

Epoch: 22
Train 22 87.098
Test 22 81.95

Epoch: 23
Train 23 87.562
Test 23 83.11

Epoch: 24
Train 24 87.796
Test 24 82.95

Epoch: 25
Train 25 87.624
Test 25 82.29

Epoch: 26
Train 26 87.986
Test 26 83.99
Saving..

Epoch: 27
Train 27 87.854
Test 27 78.33

Epoch: 28
Train 28 88.026
Test 28 83.65

Epoch: 29
Train 29 88.052
Test 29 77.35

Epoch: 30
Train 30 88.268
Test 30 84.5
Saving..

Epoch: 31
Train 31 88.386
Test 31 84.46

Epoch: 32
Train 32 88.438
Test 32 83.43

Epoch: 33
Train 33 88.464
Test 33 85.61
Saving..

Epoch: 34
Train 34 88.048
Test 34 86.72
Saving..

Epoch: 35
Train 35 88.506
Test 35 84.11

Epoch: 36
Train 36 88.614
Test 36 85.73

Epoch: 37
Train 37 88.534
Test 37 82.34

Epoch: 38
Train 38 88.626
Test 38 83.21

Epoch: 39
Train 39 88.85
Test 39 83.58

Epoch: 40
Train 40 88.51
Test 40 83.03

Epoch: 41
Train 41 88.794
Test 41 85.23

Epoch: 42
Train 42 88.62
Test 42 82.21

Epoch: 43
Train 43 88.654
Test 43 82.64

Epoch: 44
Train 44 88.684
Test 44 85.9

Epoch: 45
Train 45 88.832
Test 45 86.4

Epoch: 46
Train 46 88.912
Test 46 80.74

Epoch: 47
Train 47 88.95
Test 47 82.18

Epoch: 48
Train 48 88.964
Test 48 83.59

Epoch: 49
Train 49 89.09
Test 49 84.83

Epoch: 50
Train 50 88.66
Test 50 80.63

Epoch: 51
Train 51 89.124
Test 51 84.91

Epoch: 52
Train 52 88.93
Test 52 82.72

Epoch: 53
Train 53 88.958
Test 53 83.35

Epoch: 54
Train 54 88.936
Test 54 84.35

Epoch: 55
Train 55 89.028
Test 55 83.1

Epoch: 56
Train 56 89.198
Test 56 76.96

Epoch: 57
Train 57 88.97
Test 57 85.15

Epoch: 58
Train 58 89.114
Test 58 80.38

Epoch: 59
Train 59 89.136
Test 59 84.78

Epoch: 60
Train 60 89.194
Test 60 87.13
Saving..

Epoch: 61
Train 61 88.934
Test 61 83.04

Epoch: 62
Train 62 88.964
Test 62 83.21

Epoch: 63
Train 63 89.092
Test 63 78.12

Epoch: 64
Train 64 88.974
Test 64 81.12

Epoch: 65
Train 65 89.074
Test 65 85.99

Epoch: 66
Train 66 89.07
Test 66 88.06
Saving..

Epoch: 67
Train 67 89.098
Test 67 80.81

Epoch: 68
Train 68 89.402
Test 68 86.73

Epoch: 69
Train 69 89.356
Test 69 78.68

Epoch: 70
Train 70 89.282
Test 70 83.83

Epoch: 71
Train 71 89.222
Test 71 79.08

Epoch: 72
Train 72 89.306
Test 72 84.04

Epoch: 73
Train 73 89.272
Test 73 78.72

Epoch: 74
Train 74 89.17
Test 74 84.26

Epoch: 75
Train 75 89.15
Test 75 81.05

Epoch: 76
Train 76 89.196
Test 76 84.45

Epoch: 77
Train 77 89.354
Test 77 84.25

Epoch: 78
Train 78 89.298
Test 78 86.9

Epoch: 79
Train 79 89.388
Test 79 83.67

Epoch: 80
Train 80 89.346
Test 80 82.02

Epoch: 81
Train 81 89.212
Test 81 83.76

Epoch: 82
Train 82 89.424
Test 82 83.17

Epoch: 83
Train 83 89.24
Test 83 82.86

Epoch: 84
Train 84 94.538
Test 84 93.02
Saving..

Epoch: 85
Train 85 96.012
Test 85 93.66
Saving..

Epoch: 86
Train 86 96.694
Test 86 93.61

Epoch: 87
Train 87 97.112
Test 87 93.91
Saving..

Epoch: 88
Train 88 97.518
Test 88 93.89

Epoch: 89
Train 89 97.69
Test 89 94.04
Saving..

Epoch: 90
Train 90 98.076
Test 90 93.99

Epoch: 91
Train 91 98.28
Test 91 93.87

Epoch: 92
Train 92 98.516
Test 92 94.1
Saving..

Epoch: 93
Train 93 98.466
Test 93 93.92

Epoch: 94
Train 94 98.618
Test 94 94.03

Epoch: 95
Train 95 98.748
Test 95 93.97

Epoch: 96
Train 96 98.82
Test 96 93.94

Epoch: 97
Train 97 98.934
Test 97 93.99

Epoch: 98
Train 98 98.798
Test 98 93.76

Epoch: 99
Train 99 98.878
Test 99 93.75

Epoch: 100
Train 100 98.958
Test 100 93.67

Epoch: 101
Train 101 98.864
Test 101 93.8

Epoch: 102
Train 102 99.076
Test 102 93.83

Epoch: 103
Train 103 98.98
Test 103 92.96

Epoch: 104
Train 104 98.906
Test 104 93.06

Epoch: 105
Train 105 98.79
Test 105 93.56

Epoch: 106
Train 106 98.926
Test 106 93.24

Epoch: 107
Train 107 98.868
Test 107 93.44

Epoch: 108
Train 108 98.846
Test 108 93.29

Epoch: 109
Train 109 98.826
Test 109 93.21

Epoch: 110
Train 110 98.876
Test 110 93.72

Epoch: 111
Train 111 98.962
Test 111 92.83

Epoch: 112
Train 112 98.68
Test 112 92.76

Epoch: 113
Train 113 98.79
Test 113 93.48

Epoch: 114
Train 114 98.774
Test 114 93.28

Epoch: 115
Train 115 98.648
Test 115 92.76

Epoch: 116
Train 116 98.608
Test 116 92.89

Epoch: 117
Train 117 98.568
Test 117 93.36

Epoch: 118
Train 118 98.622
Test 118 93.13

Epoch: 119
Train 119 98.656
Test 119 93.26

Epoch: 120
Train 120 98.77
Test 120 92.5

Epoch: 121
Train 121 98.412
Test 121 92.67

Epoch: 122
Train 122 98.506
Test 122 92.77

Epoch: 123
Train 123 98.532
Test 123 92.06

Epoch: 124
Train 124 98.364
Test 124 92.77

Epoch: 125
Train 125 98.64
Test 125 92.77

Epoch: 126
Train 126 99.376
Test 126 94.15
Saving..

Epoch: 127
Train 127 99.628
Test 127 94.48
Saving..

Epoch: 128
Train 128 99.788
Test 128 94.56
Saving..

Epoch: 129
Train 129 99.806
Test 129 94.7
Saving..

Epoch: 130
Train 130 99.846
Test 130 94.71
Saving..

Epoch: 131
Train 131 99.888
Test 131 94.69

Epoch: 132
Train 132 99.858
Test 132 94.56

Epoch: 133
Train 133 99.924
Test 133 94.86
Saving..

Epoch: 134
Train 134 99.902
Test 134 94.79

Epoch: 135
Train 135 99.912
Test 135 94.85

Epoch: 136
Train 136 99.932
Test 136 94.86

Epoch: 137
Train 137 99.92
Test 137 94.91
Saving..

Epoch: 138
Train 138 99.926
Test 138 94.94
Saving..

Epoch: 139
Train 139 99.944
Test 139 94.93

Epoch: 140
Train 140 99.934
Test 140 94.88

Epoch: 141
Train 141 99.922
Test 141 95.08
Saving..

Epoch: 142
Train 142 99.932
Test 142 94.97

Epoch: 143
Train 143 99.952
Test 143 94.91

Epoch: 144
Train 144 99.948
Test 144 94.79

Epoch: 145
Train 145 99.954
Test 145 94.93

Epoch: 146
Train 146 99.958
Test 146 95.0

Epoch: 147
Train 147 99.964
Test 147 95.04

Epoch: 148
Train 148 99.954
Test 148 94.93

Epoch: 149
Train 149 99.982
Test 149 94.89

Epoch: 150
Train 150 99.974
Test 150 94.95

Epoch: 151
Train 151 99.962
Test 151 94.89

Epoch: 152
Train 152 99.958
Test 152 94.91

Epoch: 153
Train 153 99.984
Test 153 95.08

Epoch: 154
Train 154 99.974
Test 154 95.13
Saving..

Epoch: 155
Train 155 99.972
Test 155 95.15
Saving..

Epoch: 156
Train 156 99.974
Test 156 95.09

Epoch: 157
Train 157 99.97
Test 157 94.95

Epoch: 158
Train 158 99.966
Test 158 95.02

Epoch: 159
Train 159 99.962
Test 159 95.11

Epoch: 160
Train 160 99.976
Test 160 95.08

Epoch: 161
Train 161 99.97
Test 161 95.02

Epoch: 162
Train 162 99.978
Test 162 95.05

Epoch: 163
Train 163 99.982
Test 163 95.1

Epoch: 164
Train 164 99.974
Test 164 95.12

Epoch: 165
Train 165 99.968
Test 165 95.17
Saving..

Epoch: 166
Train 166 99.976
Test 166 95.18
Saving..

Epoch: 167
Train 167 99.984
Test 167 95.06

Epoch: 168
Train 168 99.974
Test 168 95.24
Saving..

Epoch: 169
Train 169 99.97
Test 169 95.09
End time:	1561532425.3002934
Total time:	4221.855291843414
