Boring method
Start time:	1561532522.6644375
==> Preparing data..
Files already downloaded and verified
Files already downloaded and verified
==> Building model..

Epoch: 0
Train 0 37.158
Test 0 47.89
Saving..

Epoch: 1
Train 1 55.416
Test 1 55.27
Saving..

Epoch: 2
Train 2 65.62
Test 2 69.3
Saving..

Epoch: 3
Train 3 72.604
Test 3 72.42
Saving..

Epoch: 4
Train 4 76.984
Test 4 73.55
Saving..

Epoch: 5
Train 5 79.158
Test 5 73.14

Epoch: 6
Train 6 80.802
Test 6 73.47

Epoch: 7
Train 7 81.78
Test 7 75.35
Saving..

Epoch: 8
Train 8 82.772
Test 8 76.48
Saving..

Epoch: 9
Train 9 83.306
Test 9 73.78

Epoch: 10
Train 10 84.08
Test 10 80.11
Saving..

Epoch: 11
Train 11 84.344
Test 11 81.59
Saving..

Epoch: 12
Train 12 84.816
Test 12 74.5

Epoch: 13
Train 13 85.256
Test 13 81.39

Epoch: 14
Train 14 85.462
Test 14 81.72
Saving..

Epoch: 15
Train 15 85.966
Test 15 81.19

Epoch: 16
Train 16 86.076
Test 16 58.59

Epoch: 17
Train 17 86.218
Test 17 81.7

Epoch: 18
Train 18 86.48
Test 18 78.05

Epoch: 19
Train 19 86.632
Test 19 84.46
Saving..

Epoch: 20
Train 20 86.742
Test 20 86.03
Saving..

Epoch: 21
Train 21 87.272
Test 21 78.88

Epoch: 22
Train 22 87.2
Test 22 85.86

Epoch: 23
Train 23 87.548
Test 23 83.99

Epoch: 24
Train 24 87.306
Test 24 79.31

Epoch: 25
Train 25 87.612
Test 25 75.79

Epoch: 26
Train 26 87.342
Test 26 82.48

Epoch: 27
Train 27 87.832
Test 27 82.94

Epoch: 28
Train 28 87.638
Test 28 82.45

Epoch: 29
Train 29 88.0
Test 29 83.26

Epoch: 30
Train 30 87.95
Test 30 82.67

Epoch: 31
Train 31 88.046
Test 31 78.75

Epoch: 32
Train 32 88.16
Test 32 82.41

Epoch: 33
Train 33 88.158
Test 33 83.34

Epoch: 34
Train 34 88.26
Test 34 83.58

Epoch: 35
Train 35 88.408
Test 35 84.02

Epoch: 36
Train 36 88.21
Test 36 82.45

Epoch: 37
Train 37 88.5
Test 37 86.23
Saving..

Epoch: 38
Train 38 88.6
Test 38 78.92

Epoch: 39
Train 39 88.196
Test 39 81.7

Epoch: 40
Train 40 88.326
Test 40 85.66

Epoch: 41
Train 41 88.302
Test 41 83.76

Epoch: 42
Train 42 88.482
Test 42 83.27

Epoch: 43
Train 43 88.696
Test 43 85.41

Epoch: 44
Train 44 88.754
Test 44 81.36

Epoch: 45
Train 45 88.686
Test 45 81.21

Epoch: 46
Train 46 88.77
Test 46 82.26

Epoch: 47
Train 47 88.536
Test 47 76.17

Epoch: 48
Train 48 88.59
Test 48 85.12

Epoch: 49
Train 49 88.744
Test 49 84.47

Epoch: 50
Train 50 88.994
Test 50 75.5

Epoch: 51
Train 51 88.678
Test 51 83.12

Epoch: 52
Train 52 88.758
Test 52 85.02

Epoch: 53
Train 53 89.004
Test 53 86.04

Epoch: 54
Train 54 88.976
Test 54 85.95

Epoch: 55
Train 55 89.092
Test 55 82.3

Epoch: 56
Train 56 88.788
Test 56 83.8

Epoch: 57
Train 57 89.136
Test 57 86.0

Epoch: 58
Train 58 88.998
Test 58 80.36

Epoch: 59
Train 59 89.082
Test 59 83.29

Epoch: 60
Train 60 89.124
Test 60 86.39
Saving..

Epoch: 61
Train 61 89.084
Test 61 83.89

Epoch: 62
Train 62 89.01
Test 62 85.99

Epoch: 63
Train 63 89.058
Test 63 84.78

Epoch: 64
Train 64 89.072
Test 64 80.96

Epoch: 65
Train 65 88.85
Test 65 84.22

Epoch: 66
Train 66 89.022
Test 66 80.22

Epoch: 67
Train 67 89.102
Test 67 85.32

Epoch: 68
Train 68 89.122
Test 68 85.38

Epoch: 69
Train 69 88.936
Test 69 85.93

Epoch: 70
Train 70 89.158
Test 70 83.18

Epoch: 71
Train 71 89.108
Test 71 82.82

Epoch: 72
Train 72 89.176
Test 72 83.55

Epoch: 73
Train 73 89.18
Test 73 82.35

Epoch: 74
Train 74 89.276
Test 74 85.9

Epoch: 75
Train 75 89.066
Test 75 83.67

Epoch: 76
Train 76 89.06
Test 76 83.18

Epoch: 77
Train 77 89.11
Test 77 83.76

Epoch: 78
Train 78 88.882
Test 78 82.41

Epoch: 79
Train 79 89.078
Test 79 83.77

Epoch: 80
Train 80 89.36
Test 80 85.64

Epoch: 81
Train 81 89.088
Test 81 85.35

Epoch: 82
Train 82 89.514
Test 82 81.62

Epoch: 83
Train 83 89.166
Test 83 83.93

Epoch: 84
Train 84 89.332
Test 84 82.59

Epoch: 85
Train 85 89.288
Test 85 84.49

Epoch: 86
Train 86 89.286
Test 86 83.7

Epoch: 87
Train 87 89.272
Test 87 82.92

Epoch: 88
Train 88 89.312
Test 88 85.64

Epoch: 89
Train 89 89.212
Test 89 83.62

Epoch: 90
Train 90 89.176
Test 90 84.08

Epoch: 91
Train 91 89.33
Test 91 81.12

Epoch: 92
Train 92 89.164
Test 92 84.21

Epoch: 93
Train 93 89.432
Test 93 82.75

Epoch: 94
Train 94 94.564
Test 94 93.22
Saving..

Epoch: 95
Train 95 96.096
Test 95 93.46
Saving..

Epoch: 96
Train 96 96.678
Test 96 93.85
Saving..

Epoch: 97
Train 97 97.094
Test 97 93.83

Epoch: 98
Train 98 97.49
Test 98 93.86
Saving..

Epoch: 99
Train 99 97.716
Test 99 93.78

Epoch: 100
Train 100 97.9
Test 100 93.61

Epoch: 101
Train 101 98.262
Test 101 93.99
Saving..

Epoch: 102
Train 102 98.354
Test 102 94.05
Saving..

Epoch: 103
Train 103 98.586
Test 103 94.01

Epoch: 104
Train 104 98.718
Test 104 94.1
Saving..

Epoch: 105
Train 105 98.688
Test 105 93.78

Epoch: 106
Train 106 98.788
Test 106 94.17
Saving..

Epoch: 107
Train 107 98.944
Test 107 93.81

Epoch: 108
Train 108 98.878
Test 108 94.13

Epoch: 109
Train 109 98.862
Test 109 94.07

Epoch: 110
Train 110 98.856
Test 110 93.89

Epoch: 111
Train 111 98.952
Test 111 93.8

Epoch: 112
Train 112 98.992
Test 112 93.66

Epoch: 113
Train 113 98.9
Test 113 93.84

Epoch: 114
Train 114 98.962
Test 114 94.02

Epoch: 115
Train 115 98.99
Test 115 93.49

Epoch: 116
Train 116 98.966
Test 116 93.47

Epoch: 117
Train 117 98.8
Test 117 93.33

Epoch: 118
Train 118 98.944
Test 118 93.87

Epoch: 119
Train 119 99.022
Test 119 93.87

Epoch: 120
Train 120 98.922
Test 120 93.47

Epoch: 121
Train 121 98.704
Test 121 93.37

Epoch: 122
Train 122 98.892
Test 122 93.51

Epoch: 123
Train 123 98.784
Test 123 93.04

Epoch: 124
Train 124 98.62
Test 124 93.21

Epoch: 125
Train 125 98.818
Test 125 93.53

Epoch: 126
Train 126 98.606
Test 126 92.55

Epoch: 127
Train 127 98.664
Test 127 93.16

Epoch: 128
Train 128 98.714
Test 128 93.69

Epoch: 129
Train 129 98.598
Test 129 92.94

Epoch: 130
Train 130 98.506
Test 130 92.83

Epoch: 131
Train 131 98.508
Test 131 92.96

Epoch: 132
Train 132 98.64
Test 132 92.96

Epoch: 133
Train 133 98.52
Test 133 91.67

Epoch: 134
Train 134 98.572
Test 134 92.57

Epoch: 135
Train 135 98.468
Test 135 92.57

Epoch: 136
Train 136 98.414
Test 136 92.57

Epoch: 137
Train 137 98.384
Test 137 92.2

Epoch: 138
Train 138 99.212
Test 138 94.43
Saving..

Epoch: 139
Train 139 99.63
Test 139 94.51
Saving..

Epoch: 140
Train 140 99.756
Test 140 94.66
Saving..

Epoch: 141
Train 141 99.786
Test 141 94.8
Saving..

Epoch: 142
Train 142 99.85
Test 142 94.83
Saving..

Epoch: 143
Train 143 99.828
Test 143 95.05
Saving..

Epoch: 144
Train 144 99.84
Test 144 95.04

Epoch: 145
Train 145 99.88
Test 145 95.07
Saving..

Epoch: 146
Train 146 99.914
Test 146 95.07

Epoch: 147
Train 147 99.926
Test 147 95.05

Epoch: 148
Train 148 99.908
Test 148 95.08
Saving..

Epoch: 149
Train 149 99.932
Test 149 95.08

Epoch: 150
Train 150 99.952
Test 150 95.08

Epoch: 151
Train 151 99.922
Test 151 95.03

Epoch: 152
Train 152 99.93
Test 152 95.17
Saving..

Epoch: 153
Train 153 99.93
Test 153 95.13

Epoch: 154
Train 154 99.942
Test 154 95.19
Saving..

Epoch: 155
Train 155 99.938
Test 155 95.19

Epoch: 156
Train 156 99.958
Test 156 95.16

Epoch: 157
Train 157 99.966
Test 157 95.17

Epoch: 158
Train 158 99.956
Test 158 95.1

Epoch: 159
Train 159 99.974
Test 159 95.09

Epoch: 160
Train 160 99.964
Test 160 95.14

Epoch: 161
Train 161 99.964
Test 161 95.25
Saving..

Epoch: 162
Train 162 99.966
Test 162 95.05

Epoch: 163
Train 163 99.966
Test 163 95.25

Epoch: 164
Train 164 99.974
Test 164 95.26
Saving..

Epoch: 165
Train 165 99.974
Test 165 95.22

Epoch: 166
Train 166 99.976
Test 166 95.18

Epoch: 167
Train 167 99.974
Test 167 95.08

Epoch: 168
Train 168 99.954
Test 168 95.39
Saving..

Epoch: 169
Train 169 99.982
Test 169 95.35

Epoch: 170
Train 170 99.982
Test 170 95.22

Epoch: 171
Train 171 99.968
Test 171 95.21

Epoch: 172
Train 172 99.98
Test 172 95.05

Epoch: 173
Train 173 99.974
Test 173 95.18

Epoch: 174
Train 174 99.984
Test 174 95.26

Epoch: 175
Train 175 99.984
Test 175 95.3

Epoch: 176
Train 176 99.97
Test 176 95.23

Epoch: 177
Train 177 99.964
Test 177 95.22

Epoch: 178
Train 178 99.98
Test 178 95.25

Epoch: 179
Train 179 99.996
Test 179 95.2

Epoch: 180
Train 180 99.992
Test 180 95.18

Epoch: 181
Train 181 99.982
Test 181 95.2

Epoch: 182
Train 182 99.976
Test 182 95.25

Epoch: 183
Train 183 99.992
Test 183 95.23

Epoch: 184
Train 184 99.984
Test 184 95.31

Epoch: 185
Train 185 99.978
Test 185 95.24

Epoch: 186
Train 186 99.99
Test 186 95.29

Epoch: 187
Train 187 99.986
Test 187 95.26

Epoch: 188
Train 188 99.994
Test 188 95.3

Epoch: 189
Train 189 99.982
Test 189 95.21
End time:	1561537254.9378235
Total time:	4732.273386001587
