Fast method
Start time:	1561525923.0875075
==> Preparing data..
Files already downloaded and verified
Files already downloaded and verified
==> Building model..

Epoch: 0
Train 0 38.96
Test 0 50.94
Saving..

Epoch: 1
Train 1 45.83879423328965
Test 1 59.64
Saving..

Epoch: 2
Train 2 65.284
Test 2 56.62

Epoch: 3
Train 3 44.21016246111303
Test 3 67.3
Saving..

Epoch: 4
Train 4 74.428
Test 4 73.22
Saving..

Epoch: 5
Train 5 45.68277803847959
Test 5 69.1

Epoch: 6
Train 6 78.862
Test 6 78.28
Saving..

Epoch: 7
Train 7 47.137855993944555
Test 7 70.57

Epoch: 8
Train 8 80.936
Test 8 77.82

Epoch: 9
Train 9 48.78304657994125
Test 9 71.4

Epoch: 10
Train 10 82.684
Test 10 78.75
Saving..

Epoch: 11
Train 11 49.16839916839917
Test 11 67.47

Epoch: 12
Train 12 83.632
Test 12 80.5
Saving..

Epoch: 13
Train 13 50.20772238514174
Test 13 72.98

Epoch: 14
Train 14 84.316
Test 14 77.03

Epoch: 15
Train 15 53.073195613363936
Test 15 75.55

Epoch: 16
Train 16 85.154
Test 16 76.38

Epoch: 17
Train 17 51.60986124208541
Test 17 80.08

Epoch: 18
Train 18 85.612
Test 18 79.7

Epoch: 19
Train 19 54.281345565749234
Test 19 67.36

Epoch: 20
Train 20 86.264
Test 20 83.01
Saving..

Epoch: 21
Train 21 55.59114735002912
Test 21 79.82

Epoch: 22
Train 22 86.4
Test 22 82.21

Epoch: 23
Train 23 56.88235294117647
Test 23 77.01

Epoch: 24
Train 24 86.358
Test 24 79.08

Epoch: 25
Train 25 57.35229438498754
Test 25 81.91

Epoch: 26
Train 26 87.422
Test 26 84.26
Saving..

Epoch: 27
Train 27 57.17920178088726
Test 27 72.35

Epoch: 28
Train 28 87.332
Test 28 83.59

Epoch: 29
Train 29 58.41490369434796
Test 29 76.86

Epoch: 30
Train 30 87.496
Test 30 83.35

Epoch: 31
Train 31 58.2213691618682
Test 31 79.39

Epoch: 32
Train 32 87.61
Test 32 82.52

Epoch: 33
Train 33 58.095238095238095
Test 33 78.57

Epoch: 34
Train 34 88.066
Test 34 81.28

Epoch: 35
Train 35 59.92961287078934
Test 35 69.12

Epoch: 36
Train 36 87.93
Test 36 81.71

Epoch: 37
Train 37 59.469759734879865
Test 37 82.25

Epoch: 38
Train 38 88.668
Test 38 78.6

Epoch: 39
Train 39 58.153900458877516
Test 39 66.51

Epoch: 40
Train 40 88.324
Test 40 84.87
Saving..

Epoch: 41
Train 41 60.894141829393625
Test 41 72.61

Epoch: 42
Train 42 88.542
Test 42 79.27

Epoch: 43
Train 43 58.753709198813056
Test 43 68.96

Epoch: 44
Train 44 88.7
Test 44 80.15

Epoch: 45
Train 45 60.47787610619469
Test 45 80.42

Epoch: 46
Train 46 88.694
Test 46 85.59
Saving..

Epoch: 47
Train 47 61.82557933840439
Test 47 79.62

Epoch: 48
Train 48 88.836
Test 48 87.03
Saving..

Epoch: 49
Train 49 61.34002149767109
Test 49 79.07

Epoch: 50
Train 50 88.896
Test 50 81.85

Epoch: 51
Train 51 60.80691642651297
Test 51 74.21

Epoch: 52
Train 52 88.782
Test 52 85.6

Epoch: 53
Train 53 61.75788910679265
Test 53 79.29

Epoch: 54
Train 54 89.272
Test 54 85.8

Epoch: 55
Train 55 62.06189410887397
Test 55 75.59

Epoch: 56
Train 56 89.186
Test 56 79.96

Epoch: 57
Train 57 62.47457000184946
Test 57 72.64

Epoch: 58
Train 58 88.964
Test 58 86.04

Epoch: 59
Train 59 62.051467923160565
Test 59 81.62

Epoch: 60
Train 60 89.042
Test 60 86.57

Epoch: 61
Train 61 62.78517977733163
Test 61 83.56

Epoch: 62
Train 62 89.326
Test 62 83.21

Epoch: 63
Train 63 62.731871838111296
Test 63 84.37

Epoch: 64
Train 64 89.286
Test 64 81.37

Epoch: 65
Train 65 64.75639350382677
Test 65 77.3

Epoch: 66
Train 66 89.352
Test 66 82.4

Epoch: 67
Train 67 63.11044327573253
Test 67 79.21

Epoch: 68
Train 68 89.436
Test 68 84.93

Epoch: 69
Train 69 63.120030291556226
Test 69 75.72

Epoch: 70
Train 70 88.982
Test 70 84.05

Epoch: 71
Train 71 64.96641858776547
Test 71 76.69

Epoch: 72
Train 72 88.236
Test 72 86.34

Epoch: 73
Train 73 65.47092825569534
Test 73 79.22

Epoch: 74
Train 74 94.738
Test 74 92.79
Saving..

Epoch: 75
Train 75 67.27480045610034
Test 75 90.89

Epoch: 76
Train 76 96.44
Test 76 93.22
Saving..

Epoch: 77
Train 77 68.82022471910112
Test 77 90.78

Epoch: 78
Train 78 97.064
Test 78 93.55
Saving..

Epoch: 79
Train 79 74.31880108991825
Test 79 91.58

Epoch: 80
Train 80 97.438
Test 80 93.56
Saving..

Epoch: 81
Train 81 78.22014051522248
Test 81 91.82

Epoch: 82
Train 82 97.84
Test 82 93.36

Epoch: 83
Train 83 80.55555555555556
Test 83 92.85

Epoch: 84
Train 84 98.036
Test 84 93.52

Epoch: 85
Train 85 84.92871690427698
Test 85 92.95

Epoch: 86
Train 86 98.292
Test 86 93.59
Saving..

Epoch: 87
Train 87 87.0023419203747
Test 87 93.19

Epoch: 88
Train 88 98.548
Test 88 93.62
Saving..

Epoch: 89
Train 89 89.80716253443526
Test 89 93.28

Epoch: 90
Train 90 98.766
Test 90 94.03
Saving..

Epoch: 91
Train 91 91.57212317666126
Test 91 93.75

Epoch: 92
Train 92 98.726
Test 92 93.45

Epoch: 93
Train 93 91.67974882260596
Test 93 93.55

Epoch: 94
Train 94 98.818
Test 94 93.87

Epoch: 95
Train 95 91.87817258883248
Test 95 93.55

Epoch: 96
Train 96 98.912
Test 96 93.4

Epoch: 97
Train 97 93.93382352941177
Test 97 93.57

Epoch: 98
Train 98 98.998
Test 98 93.69

Epoch: 99
Train 99 95.20958083832335
Test 99 93.62

Epoch: 100
Train 100 99.072
Test 100 93.46

Epoch: 101
Train 101 95.6896551724138
Test 101 93.39

Epoch: 102
Train 102 99.024
Test 102 93.48

Epoch: 103
Train 103 94.87704918032787
Test 103 93.5

Epoch: 104
Train 104 99.062
Test 104 93.88

Epoch: 105
Train 105 95.3091684434968
Test 105 93.46

Epoch: 106
Train 106 98.988
Test 106 93.61

Epoch: 107
Train 107 97.03557312252964
Test 107 93.64

Epoch: 108
Train 108 99.448
Test 108 93.99

Epoch: 109
Train 109 89.85507246376811
Test 109 93.92

Epoch: 110
Train 110 99.642
Test 110 94.16
Saving..

Epoch: 111
Train 111 93.29608938547486
Test 111 94.19
Saving..

Epoch: 112
Train 112 99.642
Test 112 94.27
Saving..

Epoch: 113
Train 113 92.73743016759776
Test 113 94.27

Epoch: 114
Train 114 99.746
Test 114 94.44
Saving..

Epoch: 115
Train 115 96.85039370078741
Test 115 94.4

Epoch: 116
Train 116 99.764
Test 116 94.34

Epoch: 117
Train 117 95.76271186440678
Test 117 94.33

Epoch: 118
Train 118 99.786
Test 118 94.44

Epoch: 119
Train 119 96.26168224299066
Test 119 94.47
Saving..

Epoch: 120
Train 120 99.814
Test 120 94.52
Saving..

Epoch: 121
Train 121 97.84946236559139
Test 121 94.51

Epoch: 122
Train 122 99.784
Test 122 94.44

Epoch: 123
Train 123 97.22222222222223
Test 123 94.42

Epoch: 124
Train 124 99.796
Test 124 94.52

Epoch: 125
Train 125 95.09803921568627
Test 125 94.47

Epoch: 126
Train 126 99.86
Test 126 94.52

Epoch: 127
Train 127 95.71428571428571
Test 127 94.52

Epoch: 128
Train 128 99.834
Test 128 94.5

Epoch: 129
Train 129 97.59036144578313
Test 129 94.4

Epoch: 130
Train 130 99.85
Test 130 94.55
Saving..

Epoch: 131
Train 131 100.0
Test 131 94.52

Epoch: 132
Train 132 99.888
Test 132 94.44

Epoch: 133
Train 133 96.42857142857143
Test 133 94.39

Epoch: 134
Train 134 99.86
Test 134 94.57
Saving..

Epoch: 135
Train 135 97.14285714285714
Test 135 94.44

Epoch: 136
Train 136 99.868
Test 136 94.53

Epoch: 137
Train 137 98.48484848484848
Test 137 94.5

Epoch: 138
Train 138 99.896
Test 138 94.49

Epoch: 139
Train 139 98.07692307692308
Test 139 94.49

Epoch: 140
Train 140 99.872
Test 140 94.42

Epoch: 141
Train 141 95.3125
Test 141 94.43

Epoch: 142
Train 142 99.874
Test 142 94.37

Epoch: 143
Train 143 96.82539682539682
Test 143 94.41

Epoch: 144
Train 144 99.866
Test 144 94.54

Epoch: 145
Train 145 97.01492537313433
Test 145 94.52

Epoch: 146
Train 146 99.874
Test 146 94.54

Epoch: 147
Train 147 98.41269841269842
Test 147 94.43

Epoch: 148
Train 148 99.878
Test 148 94.61
Saving..

Epoch: 149
Train 149 95.08196721311475
Test 149 94.58
End time:	1561528086.981816
Total time:	2163.894308567047
