Fast method
Start time:	1561527963.1189406
==> Preparing data..
Files already downloaded and verified
Files already downloaded and verified
==> Building model..

Epoch: 0
Train 0 40.866
Test 0 49.56
Saving..

Epoch: 1
Train 1 47.312882605607605
Test 1 58.3
Saving..

Epoch: 2
Train 2 67.086
Test 2 67.17
Saving..

Epoch: 3
Train 3 45.16619067873853
Test 3 58.8

Epoch: 4
Train 4 75.478
Test 4 76.59
Saving..

Epoch: 5
Train 5 45.469374439279015
Test 5 73.38

Epoch: 6
Train 6 79.514
Test 6 70.19

Epoch: 7
Train 7 45.89475739529435
Test 7 60.09

Epoch: 8
Train 8 80.498
Test 8 75.93

Epoch: 9
Train 9 48.877038252486926
Test 9 69.92

Epoch: 10
Train 10 82.68
Test 10 78.9
Saving..

Epoch: 11
Train 11 48.82217090069284
Test 11 71.94

Epoch: 12
Train 12 83.528
Test 12 77.84

Epoch: 13
Train 13 50.631374453618264
Test 13 73.42

Epoch: 14
Train 14 84.366
Test 14 75.88

Epoch: 15
Train 15 52.309069975694
Test 15 67.2

Epoch: 16
Train 16 84.392
Test 16 75.76

Epoch: 17
Train 17 53.511019989748846
Test 17 70.69

Epoch: 18
Train 18 85.726
Test 18 80.79
Saving..

Epoch: 19
Train 19 53.664004483676614
Test 19 78.35

Epoch: 20
Train 20 85.908
Test 20 83.42
Saving..

Epoch: 21
Train 21 55.776326994039174
Test 21 79.46

Epoch: 22
Train 22 86.164
Test 22 81.36

Epoch: 23
Train 23 55.160450997398094
Test 23 68.1

Epoch: 24
Train 24 86.576
Test 24 81.31

Epoch: 25
Train 25 55.60190703218117
Test 25 77.73

Epoch: 26
Train 26 87.028
Test 26 78.42

Epoch: 27
Train 27 56.44465001541782
Test 27 71.64

Epoch: 28
Train 28 87.176
Test 28 80.73

Epoch: 29
Train 29 57.127261384903306
Test 29 73.64

Epoch: 30
Train 30 87.064
Test 30 82.53

Epoch: 31
Train 31 59.04452690166976
Test 31 76.9

Epoch: 32
Train 32 87.606
Test 32 83.54
Saving..

Epoch: 33
Train 33 57.285783443601744
Test 33 78.92

Epoch: 34
Train 34 87.852
Test 34 84.05
Saving..

Epoch: 35
Train 35 58.34705301284162
Test 35 78.77

Epoch: 36
Train 36 87.89
Test 36 78.54

Epoch: 37
Train 37 59.63666391412056
Test 37 74.89

Epoch: 38
Train 38 88.324
Test 38 81.15

Epoch: 39
Train 39 60.5344295991778
Test 39 74.56

Epoch: 40
Train 40 88.316
Test 40 81.92

Epoch: 41
Train 41 58.79835672714824
Test 41 76.36

Epoch: 42
Train 42 88.476
Test 42 83.78

Epoch: 43
Train 43 61.419645956265185
Test 43 73.93

Epoch: 44
Train 44 88.246
Test 44 84.02

Epoch: 45
Train 45 58.175940105496004
Test 45 76.3

Epoch: 46
Train 46 88.784
Test 46 84.32
Saving..

Epoch: 47
Train 47 59.432952924393724
Test 47 80.44

Epoch: 48
Train 48 88.772
Test 48 74.05

Epoch: 49
Train 49 61.02600641254008
Test 49 68.97

Epoch: 50
Train 50 89.02
Test 50 83.12

Epoch: 51
Train 51 59.489981785063755
Test 51 72.86

Epoch: 52
Train 52 88.924
Test 52 84.75
Saving..

Epoch: 53
Train 53 61.087035030697
Test 53 73.48

Epoch: 54
Train 54 88.864
Test 54 80.45

Epoch: 55
Train 55 61.332614942528735
Test 55 79.85

Epoch: 56
Train 56 89.194
Test 56 84.3

Epoch: 57
Train 57 61.910049972237644
Test 57 80.15

Epoch: 58
Train 58 88.954
Test 58 86.56
Saving..

Epoch: 59
Train 59 61.43400325909832
Test 59 72.28

Epoch: 60
Train 60 88.942
Test 60 85.72

Epoch: 61
Train 61 62.3620907939953
Test 61 74.84

Epoch: 62
Train 62 89.286
Test 62 83.58

Epoch: 63
Train 63 60.55628150084002
Test 63 78.11

Epoch: 64
Train 64 89.334
Test 64 86.99
Saving..

Epoch: 65
Train 65 63.603975248453025
Test 65 79.83

Epoch: 66
Train 66 89.602
Test 66 81.52

Epoch: 67
Train 67 62.26197345643393
Test 67 78.06

Epoch: 68
Train 68 89.322
Test 68 84.62

Epoch: 69
Train 69 62.446150964600115
Test 69 78.78

Epoch: 70
Train 70 89.332
Test 70 81.52

Epoch: 71
Train 71 63.554555680539934
Test 71 83.6

Epoch: 72
Train 72 89.452
Test 72 81.98

Epoch: 73
Train 73 64.41031475161168
Test 73 78.25

Epoch: 74
Train 74 89.548
Test 74 86.03

Epoch: 75
Train 75 64.7148871029468
Test 75 73.5

Epoch: 76
Train 76 89.67
Test 76 82.31

Epoch: 77
Train 77 61.45208131655373
Test 77 74.73

Epoch: 78
Train 78 89.426
Test 78 87.85
Saving..

Epoch: 79
Train 79 63.74125212786079
Test 79 80.06

Epoch: 80
Train 80 94.778
Test 80 92.97
Saving..

Epoch: 81
Train 81 69.28379931060896
Test 81 91.09

Epoch: 82
Train 82 96.524
Test 82 93.48
Saving..

Epoch: 83
Train 83 69.5627157652474
Test 83 91.31

Epoch: 84
Train 84 97.242
Test 84 93.84
Saving..

Epoch: 85
Train 85 73.821609862219
Test 85 92.01

Epoch: 86
Train 86 97.572
Test 86 93.65

Epoch: 87
Train 87 78.66556836902801
Test 87 93.31

Epoch: 88
Train 88 98.054
Test 88 93.81

Epoch: 89
Train 89 82.73381294964028
Test 89 92.97

Epoch: 90
Train 90 98.328
Test 90 93.84

Epoch: 91
Train 91 87.20095693779905
Test 91 93.67

Epoch: 92
Train 92 98.438
Test 92 93.9
Saving..

Epoch: 93
Train 93 89.11651728553137
Test 93 93.46

Epoch: 94
Train 94 98.5
Test 94 93.81

Epoch: 95
Train 95 92.26666666666667
Test 95 93.91
Saving..

Epoch: 96
Train 96 98.756
Test 96 94.16
Saving..

Epoch: 97
Train 97 91.47909967845659
Test 97 93.48

Epoch: 98
Train 98 98.824
Test 98 93.78

Epoch: 99
Train 99 91.66666666666667
Test 99 93.78

Epoch: 100
Train 100 98.982
Test 100 94.02

Epoch: 101
Train 101 96.2671905697446
Test 101 93.89

Epoch: 102
Train 102 98.946
Test 102 94.17
Saving..

Epoch: 103
Train 103 95.44592030360532
Test 103 93.79

Epoch: 104
Train 104 99.032
Test 104 93.78

Epoch: 105
Train 105 94.00826446280992
Test 105 93.76

Epoch: 106
Train 106 99.04
Test 106 93.52

Epoch: 107
Train 107 95.83333333333333
Test 107 93.84

Epoch: 108
Train 108 99.17
Test 108 93.65

Epoch: 109
Train 109 95.66265060240964
Test 109 93.58

Epoch: 110
Train 110 99.068
Test 110 93.81

Epoch: 111
Train 111 96.78111587982832
Test 111 93.85

Epoch: 112
Train 112 99.082
Test 112 93.9

Epoch: 113
Train 113 93.4640522875817
Test 113 93.45

Epoch: 114
Train 114 99.078
Test 114 93.52

Epoch: 115
Train 115 94.7939262472885
Test 115 93.3

Epoch: 116
Train 116 99.088
Test 116 93.5

Epoch: 117
Train 117 98.46491228070175
Test 117 93.28

Epoch: 118
Train 118 99.078
Test 118 93.77

Epoch: 119
Train 119 95.44468546637744
Test 119 93.88

Epoch: 120
Train 120 99.488
Test 120 94.43
Saving..

Epoch: 121
Train 121 91.015625
Test 121 94.23

Epoch: 122
Train 122 99.708
Test 122 94.43

Epoch: 123
Train 123 88.35616438356165
Test 123 94.39

Epoch: 124
Train 124 99.71
Test 124 94.39

Epoch: 125
Train 125 95.17241379310344
Test 125 94.35

Epoch: 126
Train 126 99.778
Test 126 94.49
Saving..

Epoch: 127
Train 127 96.3963963963964
Test 127 94.46

Epoch: 128
Train 128 99.824
Test 128 94.48

Epoch: 129
Train 129 96.5909090909091
Test 129 94.43

Epoch: 130
Train 130 99.822
Test 130 94.55
Saving..

Epoch: 131
Train 131 97.75280898876404
Test 131 94.52

Epoch: 132
Train 132 99.832
Test 132 94.62
Saving..

Epoch: 133
Train 133 95.23809523809524
Test 133 94.59

Epoch: 134
Train 134 99.842
Test 134 94.69
Saving..

Epoch: 135
Train 135 97.46835443037975
Test 135 94.66

Epoch: 136
Train 136 99.878
Test 136 94.65

Epoch: 137
Train 137 96.72131147540983
Test 137 94.61

Epoch: 138
Train 138 99.864
Test 138 94.69

Epoch: 139
Train 139 95.58823529411765
Test 139 94.71
Saving..

Epoch: 140
Train 140 99.854
Test 140 94.61

Epoch: 141
Train 141 97.26027397260275
Test 141 94.62

Epoch: 142
Train 142 99.878
Test 142 94.61

Epoch: 143
Train 143 98.36065573770492
Test 143 94.57

Epoch: 144
Train 144 99.918
Test 144 94.56

Epoch: 145
Train 145 92.6829268292683
Test 145 94.56

Epoch: 146
Train 146 99.91
Test 146 94.61

Epoch: 147
Train 147 100.0
Test 147 94.6

Epoch: 148
Train 148 99.896
Test 148 94.64

Epoch: 149
Train 149 98.07692307692308
Test 149 94.63

Epoch: 150
Train 150 99.908
Test 150 94.66

Epoch: 151
Train 151 97.82608695652173
Test 151 94.67

Epoch: 152
Train 152 99.93
Test 152 94.72
Saving..

Epoch: 153
Train 153 97.14285714285714
Test 153 94.67

Epoch: 154
Train 154 99.922
Test 154 94.82
Saving..

Epoch: 155
Train 155 97.43589743589743
Test 155 94.74

Epoch: 156
Train 156 99.924
Test 156 94.67

Epoch: 157
Train 157 100.0
Test 157 94.71

Epoch: 158
Train 158 99.912
Test 158 94.68

Epoch: 159
Train 159 97.72727272727273
Test 159 94.67
End time:	1561530258.6006138
Total time:	2295.4816732406616
