Fast method
Start time:	1561532403.6508262
==> Preparing data..
Files already downloaded and verified
Files already downloaded and verified
==> Building model..

Epoch: 0
Train 0 39.092
Test 0 48.27
Saving..

Epoch: 1
Train 1 44.62796348591318
Test 1 56.84
Saving..

Epoch: 2
Train 2 65.758
Test 2 69.53
Saving..

Epoch: 3
Train 3 45.09082413410432
Test 3 62.27

Epoch: 4
Train 4 75.35
Test 4 71.95
Saving..

Epoch: 5
Train 5 45.476673427991884
Test 5 64.74

Epoch: 6
Train 6 79.358
Test 6 76.57
Saving..

Epoch: 7
Train 7 46.82685786261021
Test 7 68.54

Epoch: 8
Train 8 81.476
Test 8 69.84

Epoch: 9
Train 9 47.97020082055712
Test 9 72.03

Epoch: 10
Train 10 82.452
Test 10 69.88

Epoch: 11
Train 11 49.270572144973784
Test 11 76.37

Epoch: 12
Train 12 83.684
Test 12 78.02
Saving..

Epoch: 13
Train 13 51.40965923020348
Test 13 75.5

Epoch: 14
Train 14 84.49
Test 14 77.05

Epoch: 15
Train 15 50.45776918117344
Test 15 76.44

Epoch: 16
Train 16 84.722
Test 16 74.08

Epoch: 17
Train 17 52.7817777195968
Test 17 78.45
Saving..

Epoch: 18
Train 18 85.464
Test 18 78.64
Saving..

Epoch: 19
Train 19 53.01320858558063
Test 19 64.04

Epoch: 20
Train 20 86.048
Test 20 82.6
Saving..

Epoch: 21
Train 21 54.773509174311926
Test 21 71.38

Epoch: 22
Train 22 86.312
Test 22 84.34
Saving..

Epoch: 23
Train 23 56.45821157218001
Test 23 73.41

Epoch: 24
Train 24 86.964
Test 24 82.74

Epoch: 25
Train 25 55.507824486038665
Test 25 79.5

Epoch: 26
Train 26 86.88
Test 26 84.67
Saving..

Epoch: 27
Train 27 57.25609756097561
Test 27 74.45

Epoch: 28
Train 28 87.074
Test 28 82.98

Epoch: 29
Train 29 57.929753984217854
Test 29 72.81

Epoch: 30
Train 30 87.756
Test 30 82.91

Epoch: 31
Train 31 57.75890231950343
Test 31 76.94

Epoch: 32
Train 32 87.866
Test 32 84.43

Epoch: 33
Train 33 57.771551013680565
Test 33 74.11

Epoch: 34
Train 34 87.952
Test 34 83.69

Epoch: 35
Train 35 58.25033200531208
Test 35 71.01

Epoch: 36
Train 36 87.014
Test 36 80.03

Epoch: 37
Train 37 60.726936701062684
Test 37 81.07

Epoch: 38
Train 38 88.376
Test 38 85.87
Saving..

Epoch: 39
Train 39 59.77288368891948
Test 39 67.87

Epoch: 40
Train 40 88.378
Test 40 84.7

Epoch: 41
Train 41 59.81758733436586
Test 41 70.15

Epoch: 42
Train 42 88.544
Test 42 83.18

Epoch: 43
Train 43 59.11312849162011
Test 43 81.27

Epoch: 44
Train 44 88.446
Test 44 84.68

Epoch: 45
Train 45 60.29080837805089
Test 45 69.45

Epoch: 46
Train 46 88.824
Test 46 82.49

Epoch: 47
Train 47 60.683607730851826
Test 47 81.92

Epoch: 48
Train 48 88.83
Test 48 85.94
Saving..

Epoch: 49
Train 49 62.07699194270367
Test 49 82.01

Epoch: 50
Train 50 88.89
Test 50 83.31

Epoch: 51
Train 51 61.11611161116112
Test 51 80.82

Epoch: 52
Train 52 88.88
Test 52 80.92

Epoch: 53
Train 53 61.2410071942446
Test 53 70.17

Epoch: 54
Train 54 89.086
Test 54 79.06

Epoch: 55
Train 55 59.48323254535459
Test 55 81.08

Epoch: 56
Train 56 89.016
Test 56 86.26
Saving..

Epoch: 57
Train 57 62.60014566642389
Test 57 75.45

Epoch: 58
Train 58 89.174
Test 58 81.62

Epoch: 59
Train 59 61.075189358950674
Test 59 74.65

Epoch: 60
Train 60 89.194
Test 60 81.78

Epoch: 61
Train 61 62.391264112530074
Test 61 74.47

Epoch: 62
Train 62 88.82
Test 62 81.51

Epoch: 63
Train 63 62.50447227191413
Test 63 74.3

Epoch: 64
Train 64 89.228
Test 64 85.65

Epoch: 65
Train 65 62.513924990716674
Test 65 77.53

Epoch: 66
Train 66 89.012
Test 66 85.1

Epoch: 67
Train 67 62.32253367309792
Test 67 80.2

Epoch: 68
Train 68 89.304
Test 68 84.03

Epoch: 69
Train 69 64.08002991772625
Test 69 72.88

Epoch: 70
Train 70 89.258
Test 70 87.79
Saving..

Epoch: 71
Train 71 63.712530255073546
Test 71 79.87

Epoch: 72
Train 72 89.332
Test 72 77.44

Epoch: 73
Train 73 63.68578927634046
Test 73 74.6

Epoch: 74
Train 74 89.168
Test 74 87.01

Epoch: 75
Train 75 63.460118168389954
Test 75 78.11

Epoch: 76
Train 76 89.6
Test 76 85.65

Epoch: 77
Train 77 62.23076923076923
Test 77 75.88

Epoch: 78
Train 78 89.38
Test 78 84.97

Epoch: 79
Train 79 62.78719397363465
Test 79 80.25

Epoch: 80
Train 80 89.79
Test 80 82.76

Epoch: 81
Train 81 63.66307541625857
Test 81 74.7

Epoch: 82
Train 82 89.538
Test 82 85.94

Epoch: 83
Train 83 63.25750334544064
Test 83 67.75

Epoch: 84
Train 84 89.82
Test 84 81.7

Epoch: 85
Train 85 63.47740667976424
Test 85 81.74

Epoch: 86
Train 86 89.53
Test 86 83.3

Epoch: 87
Train 87 63.22827125119389
Test 87 73.71

Epoch: 88
Train 88 89.904
Test 88 86.65

Epoch: 89
Train 89 63.88668779714739
Test 89 80.94

Epoch: 90
Train 90 94.838
Test 90 93.01
Saving..

Epoch: 91
Train 91 68.2293684618365
Test 91 91.16

Epoch: 92
Train 92 96.742
Test 92 93.37
Saving..

Epoch: 93
Train 93 70.84100675260896
Test 93 91.21

Epoch: 94
Train 94 97.348
Test 94 93.34

Epoch: 95
Train 95 74.13273001508296
Test 95 92.52

Epoch: 96
Train 96 97.73
Test 96 93.86
Saving..

Epoch: 97
Train 97 82.02643171806167
Test 97 92.77

Epoch: 98
Train 98 98.166
Test 98 93.73

Epoch: 99
Train 99 85.93238822246455
Test 99 93.11

Epoch: 100
Train 100 98.342
Test 100 93.61

Epoch: 101
Train 101 87.0928829915561
Test 101 93.37

Epoch: 102
Train 102 98.498
Test 102 93.64

Epoch: 103
Train 103 87.61651131824235
Test 103 93.56

Epoch: 104
Train 104 98.704
Test 104 93.41

Epoch: 105
Train 105 91.04938271604938
Test 105 93.5

Epoch: 106
Train 106 98.396
Test 106 93.36

Epoch: 107
Train 107 89.40149625935162
Test 107 92.9

Epoch: 108
Train 108 98.708
Test 108 93.67

Epoch: 109
Train 109 91.79566563467492
Test 109 93.3

Epoch: 110
Train 110 98.022
Test 110 93.84

Epoch: 111
Train 111 95.04550050556118
Test 111 93.58

Epoch: 112
Train 112 98.966
Test 112 93.81

Epoch: 113
Train 113 93.2301740812379
Test 113 93.25

Epoch: 114
Train 114 98.494
Test 114 93.56

Epoch: 115
Train 115 94.15670650730412
Test 115 93.5

Epoch: 116
Train 116 99.076
Test 116 93.62

Epoch: 117
Train 117 94.58874458874459
Test 117 93.61

Epoch: 118
Train 118 99.092
Test 118 93.73

Epoch: 119
Train 119 95.37444933920705
Test 119 93.89
Saving..

Epoch: 120
Train 120 99.17
Test 120 93.8

Epoch: 121
Train 121 96.144578313253
Test 121 93.62

Epoch: 122
Train 122 99.296
Test 122 93.46

Epoch: 123
Train 123 97.44318181818181
Test 123 93.59

Epoch: 124
Train 124 99.092
Test 124 93.71

Epoch: 125
Train 125 96.47577092511013
Test 125 93.72

Epoch: 126
Train 126 99.268
Test 126 93.72

Epoch: 127
Train 127 97.81420765027322
Test 127 93.73

Epoch: 128
Train 128 99.274
Test 128 93.57

Epoch: 129
Train 129 96.69421487603306
Test 129 93.47

Epoch: 130
Train 130 99.226
Test 130 93.35

Epoch: 131
Train 131 96.64082687338501
Test 131 93.1

Epoch: 132
Train 132 99.48
Test 132 94.16
Saving..

Epoch: 133
Train 133 91.15384615384616
Test 133 94.1

Epoch: 134
Train 134 99.636
Test 134 94.27
Saving..

Epoch: 135
Train 135 95.05494505494505
Test 135 94.27

Epoch: 136
Train 136 99.75
Test 136 94.54
Saving..

Epoch: 137
Train 137 95.2
Test 137 94.44

Epoch: 138
Train 138 99.798
Test 138 94.53

Epoch: 139
Train 139 96.03960396039604
Test 139 94.51

Epoch: 140
Train 140 99.8
Test 140 94.48

Epoch: 141
Train 141 98.0
Test 141 94.5

Epoch: 142
Train 142 99.864
Test 142 94.46

Epoch: 143
Train 143 100.0
Test 143 94.45

Epoch: 144
Train 144 99.87
Test 144 94.54

Epoch: 145
Train 145 92.3076923076923
Test 145 94.59
Saving..

Epoch: 146
Train 146 99.884
Test 146 94.57

Epoch: 147
Train 147 100.0
Test 147 94.57

Epoch: 148
Train 148 99.86
Test 148 94.53

Epoch: 149
Train 149 97.14285714285714
Test 149 94.54

Epoch: 150
Train 150 99.878
Test 150 94.56

Epoch: 151
Train 151 93.44262295081967
Test 151 94.5

Epoch: 152
Train 152 99.894
Test 152 94.52

Epoch: 153
Train 153 96.22641509433963
Test 153 94.42

Epoch: 154
Train 154 99.904
Test 154 94.58

Epoch: 155
Train 155 100.0
Test 155 94.5

Epoch: 156
Train 156 99.89
Test 156 94.44

Epoch: 157
Train 157 98.18181818181819
Test 157 94.46

Epoch: 158
Train 158 99.908
Test 158 94.56

Epoch: 159
Train 159 97.82608695652173
Test 159 94.52

Epoch: 160
Train 160 99.93
Test 160 94.56

Epoch: 161
Train 161 97.14285714285714
Test 161 94.59

Epoch: 162
Train 162 99.886
Test 162 94.5

Epoch: 163
Train 163 98.24561403508773
Test 163 94.51

Epoch: 164
Train 164 99.914
Test 164 94.48

Epoch: 165
Train 165 93.02325581395348
Test 165 94.51

Epoch: 166
Train 166 99.934
Test 166 94.45

Epoch: 167
Train 167 100.0
Test 167 94.41

Epoch: 168
Train 168 99.928
Test 168 94.57

Epoch: 169
Train 169 94.44444444444444
Test 169 94.44

Epoch: 170
Train 170 99.928
Test 170 94.44

Epoch: 171
Train 171 100.0
Test 171 94.41

Epoch: 172
Train 172 99.926
Test 172 94.6
Saving..

Epoch: 173
Train 173 91.89189189189189
Test 173 94.62
Saving..

Epoch: 174
Train 174 99.938
Test 174 94.48

Epoch: 175
Train 175 100.0
Test 175 94.44

Epoch: 176
Train 176 99.936
Test 176 94.49

Epoch: 177
Train 177 100.0
Test 177 94.49

Epoch: 178
Train 178 99.932
Test 178 94.46

Epoch: 179
Train 179 100.0
Test 179 94.45
End time:	1561534926.0695188
Total time:	2522.418692588806
