Fast method
Start time:	1561511043.5843258
==> Preparing data..
Files already downloaded and verified
Files already downloaded and verified
==> Building model..

Epoch: 0
Train 0 39.944
Test 0 52.5
Saving..

Epoch: 1
Train 1 46.62648195017983
Test 1 53.5
Saving..

Epoch: 2
Train 2 67.316
Test 2 68.83
Saving..

Epoch: 3
Train 3 45.83282339982866
Test 3 66.12

Epoch: 4
Train 4 75.986
Test 4 74.85
Saving..

Epoch: 5
Train 5 44.349129674356625
Test 5 67.33

Epoch: 6
Train 6 79.55
Test 6 75.45
Saving..

Epoch: 7
Train 7 46.35696821515892
Test 7 73.13

Epoch: 8
Train 8 81.428
Test 8 77.41
Saving..

Epoch: 9
Train 9 48.578505276760716
Test 9 76.87

Epoch: 10
Train 10 88.258
Test 10 87.76
Saving..

Epoch: 11
Train 11 46.51677738034407
Test 11 85.36

Epoch: 12
Train 12 89.762
Test 12 88.64
Saving..

Epoch: 13
Train 13 46.76694666927134
Test 13 88.13

Epoch: 14
Train 14 90.772
Test 14 88.84
Saving..

Epoch: 15
Train 15 40.91894234937148
Test 15 88.46

Epoch: 16
Train 16 91.048
Test 16 89.05
Saving..

Epoch: 17
Train 17 40.058087578194815
Test 17 88.59

Epoch: 18
Train 18 91.304
Test 18 89.12
Saving..

Epoch: 19
Train 19 39.74241030358785
Test 19 88.65
End time:	1561511365.2273045
Total time:	321.6429786682129
