Boring method
Start time:	1561571695.1898165
==> Preparing data..
Files already downloaded and verified
Files already downloaded and verified
==> Building model..

Epoch: 0
Train 0 45.446
Test 0 51.84
Saving..
Time: 0 56.45452952384949

Epoch: 1
Train 1 63.716
Test 1 67.77
Saving..
Time: 0 108.07907104492188

Epoch: 2
Train 2 71.736
Test 2 71.36
Saving..
Time: 2 159.755610704422

Epoch: 3
Train 3 76.524
Test 3 76.83
Saving..
Time: 2 212.03661227226257

Epoch: 4
Train 4 79.11
Test 4 76.06
Time: 4 263.6082224845886

Epoch: 5
Train 5 81.578
Test 5 80.49
Saving..
Time: 4 315.2199203968048

Epoch: 6
Train 6 82.84
Test 6 79.1
Time: 6 366.5405271053314

Epoch: 7
Train 7 84.134
Test 7 79.49
Time: 6 418.7232756614685

Epoch: 8
Train 8 85.054
Test 8 83.13
Saving..
Time: 8 470.45278120040894

Epoch: 9
Train 9 85.75
Test 9 82.0
Time: 8 521.8360645771027

Epoch: 10
Train 10 86.206
Test 10 81.53
Time: 10 573.2238945960999

Epoch: 11
Train 11 87.04
Test 11 85.13
Saving..
Time: 10 624.4128706455231

Epoch: 12
Train 12 87.418
Test 12 85.96
Saving..
Time: 12 676.187584400177

Epoch: 13
Train 13 87.942
Test 13 84.34
Time: 12 728.5574510097504

Epoch: 14
Train 14 88.122
Test 14 87.59
Saving..
Time: 14 779.9913332462311

Epoch: 15
Train 15 88.502
Test 15 87.23
Time: 14 831.3772337436676

Epoch: 16
Train 16 88.552
Test 16 84.31
Time: 16 882.7241575717926

Epoch: 17
Train 17 89.052
Test 17 84.87
Time: 16 933.8532266616821

Epoch: 18
Train 18 89.494
Test 18 85.33
Time: 18 985.989022731781

Epoch: 19
Train 19 89.398
Test 19 86.19
Time: 18 1037.6039023399353

Epoch: 20
